#
# There is insufficient memory for the Java Runtime Environment to continue.
# Native memory allocation (malloc) failed to allocate 32744 bytes. Error detail: ChunkPool::allocate
# Possible reasons:
#   The system is out of physical RAM or swap space
#   This process is running with CompressedOops enabled, and the Java Heap may be blocking the growth of the native heap
# Possible solutions:
#   Reduce memory load on the system
#   Increase physical memory or swap space
#   Check if swap backing store is full
#   Decrease Java heap size (-Xmx/-Xms)
#   Decrease number of Java threads
#   Decrease Java thread stack sizes (-Xss)
#   Set larger code cache with -XX:ReservedCodeCacheSize=
#   JVM is running with Unscaled Compressed Oops mode in which the Java heap is
#     placed in the first 4GB address space. The Java Heap base address is the
#     maximum limit for the native heap growth. Please use -XX:HeapBaseMinAddress
#     to set the Java Heap base and to place the Java Heap above 4GB virtual address.
# This output file may be truncated or incomplete.
#
#  Out of Memory Error (arena.cpp:79), pid=23472, tid=21092
#
# JRE version: OpenJDK Runtime Environment Temurin-17.0.16+8 (17.0.16+8) (build 17.0.16+8)
# Java VM: OpenJDK 64-Bit Server VM Temurin-17.0.16+8 (17.0.16+8, mixed mode, sharing, tiered, compressed oops, compressed class ptrs, g1 gc, windows-amd64)
# No core dump will be written. Minidumps are not enabled by default on client versions of Windows
#

---------------  S U M M A R Y ------------

Command Line: c:\Users\Subbu\.vscode\extensions\salesforce.salesforce-vscode-slds-2.0.12\lsp-2.0.12-executable.jar --PORT=49653

Host: Intel(R) Core(TM) i3-10110U CPU @ 2.10GHz, 4 cores, 3G,  Windows 11 , 64 bit Build 26100 (10.0.26100.3912)
Time: Sat Nov  1 19:38:02 2025 India Standard Time elapsed time: 41.275131 seconds (0d 0h 0m 41s)

---------------  T H R E A D  ---------------

Current thread (0x000001fa004aaf60):  JavaThread "C2 CompilerThread0" daemon [_thread_in_native, id=21092, stack(0x000000974cc00000,0x000000974cd00000)]


Current CompileTask:
C2:  41275 5598       4       vendors.org.jsoup.parser.LightingTreeBuilder::process (57 bytes)

Stack: [0x000000974cc00000,0x000000974cd00000]
Native frames: (J=compiled Java code, j=interpreted, Vv=VM code, C=native code)
V  [jvm.dll+0x683169]
V  [jvm.dll+0x839ac8]
V  [jvm.dll+0x83b573]
V  [jvm.dll+0x83bbe3]
V  [jvm.dll+0x2473ff]
V  [jvm.dll+0xad09c]
V  [jvm.dll+0xad52c]
V  [jvm.dll+0x65f385]
V  [jvm.dll+0x65eeae]
V  [jvm.dll+0xb762e]
V  [jvm.dll+0x3481cf]
V  [jvm.dll+0x69ed9f]
V  [jvm.dll+0x69b7ca]
V  [jvm.dll+0x693543]
V  [jvm.dll+0x692de0]
V  [jvm.dll+0x690c02]
V  [jvm.dll+0x1a619c]
V  [jvm.dll+0x2abe5c]
V  [jvm.dll+0x69b788]
V  [jvm.dll+0x693543]
V  [jvm.dll+0x692de0]
V  [jvm.dll+0x690c02]
V  [jvm.dll+0x1a619c]
V  [jvm.dll+0x2abe5c]
V  [jvm.dll+0x69b788]
V  [jvm.dll+0x693543]
V  [jvm.dll+0x692de0]
V  [jvm.dll+0x690c02]
V  [jvm.dll+0x1a619c]
V  [jvm.dll+0x1a6cf8]
V  [jvm.dll+0x2abe5c]
V  [jvm.dll+0x69b788]
V  [jvm.dll+0x693543]
V  [jvm.dll+0x692de0]
V  [jvm.dll+0x690c02]
V  [jvm.dll+0x1a619c]
V  [jvm.dll+0x1a6cf8]
V  [jvm.dll+0x2abe5c]
V  [jvm.dll+0x69b788]
V  [jvm.dll+0x693543]
V  [jvm.dll+0x692de0]
V  [jvm.dll+0x690c02]
V  [jvm.dll+0x1a619c]
V  [jvm.dll+0x1a6cf8]
V  [jvm.dll+0x2abe5c]
V  [jvm.dll+0x69b788]
V  [jvm.dll+0x693543]
V  [jvm.dll+0x692de0]
V  [jvm.dll+0x690c02]
V  [jvm.dll+0x1a619c]
V  [jvm.dll+0x217308]
V  [jvm.dll+0x1a32a0]
V  [jvm.dll+0x227b3c]
V  [jvm.dll+0x225ccb]
V  [jvm.dll+0x7ef2d8]
V  [jvm.dll+0x7e979c]
V  [jvm.dll+0x682047]
C  [ucrtbase.dll+0x37b0]
C  [KERNEL32.DLL+0x2e8d7]
C  [ntdll.dll+0x9c5dc]


---------------  P R O C E S S  ---------------

Threads class SMR info:
_java_thread_list=0x000001fa4679f2e0, length=15, elements={
0x000001fa00486730, 0x000001fa00487e60, 0x000001fa004a3500, 0x000001fa004a7ee0,
0x000001fa004a88a0, 0x000001fa004aa270, 0x000001fa004aaf60, 0x000001fa004af290,
0x000001fa00522a70, 0x000001fa0068cca0, 0x000001fa0069a450, 0x000001fa008c0330,
0x000001fa46af7e20, 0x000001fa47f0a4a0, 0x000001fa47f06080
}

Java Threads: ( => current thread )
  0x000001fa00486730 JavaThread "Reference Handler" daemon [_thread_blocked, id=19132, stack(0x000000974c600000,0x000000974c700000)]
  0x000001fa00487e60 JavaThread "Finalizer" daemon [_thread_blocked, id=21716, stack(0x000000974c700000,0x000000974c800000)]
  0x000001fa004a3500 JavaThread "Signal Dispatcher" daemon [_thread_blocked, id=7156, stack(0x000000974c800000,0x000000974c900000)]
  0x000001fa004a7ee0 JavaThread "Attach Listener" daemon [_thread_blocked, id=17752, stack(0x000000974c900000,0x000000974ca00000)]
  0x000001fa004a88a0 JavaThread "Service Thread" daemon [_thread_blocked, id=9692, stack(0x000000974ca00000,0x000000974cb00000)]
  0x000001fa004aa270 JavaThread "Monitor Deflation Thread" daemon [_thread_blocked, id=18540, stack(0x000000974cb00000,0x000000974cc00000)]
=>0x000001fa004aaf60 JavaThread "C2 CompilerThread0" daemon [_thread_in_native, id=21092, stack(0x000000974cc00000,0x000000974cd00000)]
  0x000001fa004af290 JavaThread "C1 CompilerThread0" daemon [_thread_blocked, id=18136, stack(0x000000974cd00000,0x000000974ce00000)]
  0x000001fa00522a70 JavaThread "Sweeper thread" daemon [_thread_blocked, id=17744, stack(0x000000974ce00000,0x000000974cf00000)]
  0x000001fa0068cca0 JavaThread "Notification Thread" daemon [_thread_blocked, id=15104, stack(0x000000974cf00000,0x000000974d000000)]
  0x000001fa0069a450 JavaThread "Common-Cleaner" daemon [_thread_blocked, id=9384, stack(0x000000974d100000,0x000000974d200000)]
  0x000001fa008c0330 JavaThread "Cleaner-0" daemon [_thread_blocked, id=10096, stack(0x000000974d200000,0x000000974d300000)]
  0x000001fa46af7e20 JavaThread "pool-2-thread-1" [_thread_in_Java, id=15504, stack(0x000000974d600000,0x000000974d700000)]
  0x000001fa47f0a4a0 JavaThread "DestroyJavaVM" [_thread_blocked, id=7412, stack(0x000000974bf00000,0x000000974c000000)]
  0x000001fa47f06080 JavaThread "C2 CompilerThread1" daemon [_thread_in_native, id=16084, stack(0x000000974bd00000,0x000000974be00000)]

Other Threads:
  0x000001fa00481ef0 VMThread "VM Thread" [stack: 0x000000974c500000,0x000000974c600000] [id=3076]
  0x000001fa0068e190 WatcherThread [stack: 0x000000974d000000,0x000000974d100000] [id=21276]
  0x000001fa64815a50 GCTaskThread "GC Thread#0" [stack: 0x000000974c000000,0x000000974c100000] [id=10364]
  0x000001fa00a628a0 GCTaskThread "GC Thread#1" [stack: 0x000000974d300000,0x000000974d400000] [id=21032]
  0x000001fa0096ded0 GCTaskThread "GC Thread#2" [stack: 0x000000974d400000,0x000000974d500000] [id=22756]
  0x000001fa0096e190 GCTaskThread "GC Thread#3" [stack: 0x000000974d500000,0x000000974d600000] [id=7960]
  0x000001fa6481e3a0 ConcurrentGCThread "G1 Main Marker" [stack: 0x000000974c100000,0x000000974c200000] [id=20356]
  0x000001fa6481edc0 ConcurrentGCThread "G1 Conc#0" [stack: 0x000000974c200000,0x000000974c300000] [id=17260]
  0x000001fa6485ccf0 ConcurrentGCThread "G1 Refine#0" [stack: 0x000000974c300000,0x000000974c400000] [id=2884]
  0x000001fa6485d720 ConcurrentGCThread "G1 Service" [stack: 0x000000974c400000,0x000000974c500000] [id=8224]

Threads with active compile tasks:
C2 CompilerThread0    41359 5598       4       vendors.org.jsoup.parser.LightingTreeBuilder::process (57 bytes)
C2 CompilerThread1    41359 5587       4       org.apache.commons.lang3.builder.EqualsBuilder::append (87 bytes)

VM state: not at safepoint (normal execution)

VM Mutex/Monitor currently owned by a thread: None

Heap address: 0x00000000c3000000, size: 976 MB, Compressed Oops mode: 32-bit

CDS archive(s) mapped at: [0x000001fa01000000-0x000001fa01bb0000-0x000001fa01bb0000), size 12255232, SharedBaseAddress: 0x000001fa01000000, ArchiveRelocationMode: 1.
Compressed class space mapped at: 0x000001fa02000000-0x000001fa42000000, reserved size: 1073741824
Narrow klass base: 0x000001fa01000000, Narrow klass shift: 0, Narrow klass range: 0x100000000

GC Precious Log:
 CPUs: 4 total, 4 available
 Memory: 3903M
 Large Page Support: Disabled
 NUMA Support: Disabled
 Compressed Oops: Enabled (32-bit)
 Heap Region Size: 1M
 Heap Min Capacity: 8M
 Heap Initial Capacity: 62M
 Heap Max Capacity: 976M
 Pre-touch: Disabled
 Parallel Workers: 4
 Concurrent Workers: 1
 Concurrent Refinement Workers: 4
 Periodic GC: Disabled

Heap:
 garbage-first heap   total 91136K, used 54241K [0x00000000c3000000, 0x0000000100000000)
  region size 1024K, 45 young (46080K), 4 survivors (4096K)
 Metaspace       used 28159K, committed 28608K, reserved 1114112K
  class space    used 3422K, committed 3648K, reserved 1048576K

Heap Regions: E=young(eden), S=young(survivor), O=old, HS=humongous(starts), HC=humongous(continues), CS=collection set, F=free, OA=open archive, CA=closed archive, TAMS=top-at-mark-start (previous, next)
|   0|0x00000000c3000000, 0x00000000c3100000, 0x00000000c3100000|100%| O|  |TAMS 0x00000000c3100000, 0x00000000c3000000| Untracked 
|   1|0x00000000c3100000, 0x00000000c3200000, 0x00000000c3200000|100%| O|  |TAMS 0x00000000c3200000, 0x00000000c3100000| Untracked 
|   2|0x00000000c3200000, 0x00000000c3300000, 0x00000000c3300000|100%| O|  |TAMS 0x00000000c3300000, 0x00000000c3200000| Untracked 
|   3|0x00000000c3300000, 0x00000000c3400000, 0x00000000c3400000|100%| O|  |TAMS 0x00000000c33cc800, 0x00000000c3300000| Untracked 
|   4|0x00000000c3400000, 0x00000000c3500000, 0x00000000c3500000|100%| O|  |TAMS 0x00000000c3400000, 0x00000000c3400000| Untracked 
|   5|0x00000000c3500000, 0x00000000c3600000, 0x00000000c3600000|100%| O|  |TAMS 0x00000000c3500000, 0x00000000c3500000| Untracked 
|   6|0x00000000c3600000, 0x00000000c3600000, 0x00000000c3700000|  0%| F|  |TAMS 0x00000000c3600000, 0x00000000c3600000| Untracked 
|   7|0x00000000c3700000, 0x00000000c3800000, 0x00000000c3800000|100%| O|  |TAMS 0x00000000c3700000, 0x00000000c3700000| Untracked 
|   8|0x00000000c3800000, 0x00000000c3900000, 0x00000000c3900000|100%| O|  |TAMS 0x00000000c3800000, 0x00000000c3800000| Untracked 
|   9|0x00000000c3900000, 0x00000000c3a00000, 0x00000000c3a00000|100%| O|  |TAMS 0x00000000c3900000, 0x00000000c3900000| Untracked 
|  10|0x00000000c3a00000, 0x00000000c3afae00, 0x00000000c3b00000| 97%| O|  |TAMS 0x00000000c3a00000, 0x00000000c3a00000| Untracked 
|  11|0x00000000c3b00000, 0x00000000c3b00000, 0x00000000c3c00000|  0%| F|  |TAMS 0x00000000c3b00000, 0x00000000c3b00000| Untracked 
|  12|0x00000000c3c00000, 0x00000000c3c00000, 0x00000000c3d00000|  0%| F|  |TAMS 0x00000000c3c00000, 0x00000000c3c00000| Untracked 
|  13|0x00000000c3d00000, 0x00000000c3d00000, 0x00000000c3e00000|  0%| F|  |TAMS 0x00000000c3d00000, 0x00000000c3d00000| Untracked 
|  14|0x00000000c3e00000, 0x00000000c3e00000, 0x00000000c3f00000|  0%| F|  |TAMS 0x00000000c3e00000, 0x00000000c3e00000| Untracked 
|  15|0x00000000c3f00000, 0x00000000c3f00000, 0x00000000c4000000|  0%| F|  |TAMS 0x00000000c3f00000, 0x00000000c3f00000| Untracked 
|  16|0x00000000c4000000, 0x00000000c4000000, 0x00000000c4100000|  0%| F|  |TAMS 0x00000000c4000000, 0x00000000c4000000| Untracked 
|  17|0x00000000c4100000, 0x00000000c4100000, 0x00000000c4200000|  0%| F|  |TAMS 0x00000000c4100000, 0x00000000c4100000| Untracked 
|  18|0x00000000c4200000, 0x00000000c4200000, 0x00000000c4300000|  0%| F|  |TAMS 0x00000000c4200000, 0x00000000c4200000| Untracked 
|  19|0x00000000c4300000, 0x00000000c4300000, 0x00000000c4400000|  0%| F|  |TAMS 0x00000000c4300000, 0x00000000c4300000| Untracked 
|  20|0x00000000c4400000, 0x00000000c4400000, 0x00000000c4500000|  0%| F|  |TAMS 0x00000000c4400000, 0x00000000c4400000| Untracked 
|  21|0x00000000c4500000, 0x00000000c4500000, 0x00000000c4600000|  0%| F|  |TAMS 0x00000000c4500000, 0x00000000c4500000| Untracked 
|  22|0x00000000c4600000, 0x00000000c4600000, 0x00000000c4700000|  0%| F|  |TAMS 0x00000000c4600000, 0x00000000c4600000| Untracked 
|  23|0x00000000c4700000, 0x00000000c4700000, 0x00000000c4800000|  0%| F|  |TAMS 0x00000000c4700000, 0x00000000c4700000| Untracked 
|  24|0x00000000c4800000, 0x00000000c4800000, 0x00000000c4900000|  0%| F|  |TAMS 0x00000000c4800000, 0x00000000c4800000| Untracked 
|  25|0x00000000c4900000, 0x00000000c4900000, 0x00000000c4a00000|  0%| F|  |TAMS 0x00000000c4900000, 0x00000000c4900000| Untracked 
|  26|0x00000000c4a00000, 0x00000000c4a00000, 0x00000000c4b00000|  0%| F|  |TAMS 0x00000000c4a00000, 0x00000000c4a00000| Untracked 
|  27|0x00000000c4b00000, 0x00000000c4b00000, 0x00000000c4c00000|  0%| F|  |TAMS 0x00000000c4b00000, 0x00000000c4b00000| Untracked 
|  28|0x00000000c4c00000, 0x00000000c4c00000, 0x00000000c4d00000|  0%| F|  |TAMS 0x00000000c4c00000, 0x00000000c4c00000| Untracked 
|  29|0x00000000c4d00000, 0x00000000c4d00000, 0x00000000c4e00000|  0%| F|  |TAMS 0x00000000c4d00000, 0x00000000c4d00000| Untracked 
|  30|0x00000000c4e00000, 0x00000000c4e00000, 0x00000000c4f00000|  0%| F|  |TAMS 0x00000000c4e00000, 0x00000000c4e00000| Untracked 
|  31|0x00000000c4f00000, 0x00000000c4f00000, 0x00000000c5000000|  0%| F|  |TAMS 0x00000000c4f00000, 0x00000000c4f00000| Untracked 
|  32|0x00000000c5000000, 0x00000000c5000000, 0x00000000c5100000|  0%| F|  |TAMS 0x00000000c5000000, 0x00000000c5000000| Untracked 
|  33|0x00000000c5100000, 0x00000000c51fd9f0, 0x00000000c5200000| 99%| S|CS|TAMS 0x00000000c5100000, 0x00000000c5100000| Complete 
|  34|0x00000000c5200000, 0x00000000c5300000, 0x00000000c5300000|100%| S|CS|TAMS 0x00000000c5200000, 0x00000000c5200000| Complete 
|  35|0x00000000c5300000, 0x00000000c5400000, 0x00000000c5400000|100%| S|CS|TAMS 0x00000000c5300000, 0x00000000c5300000| Complete 
|  36|0x00000000c5400000, 0x00000000c5500000, 0x00000000c5500000|100%| S|CS|TAMS 0x00000000c5400000, 0x00000000c5400000| Complete 
|  37|0x00000000c5500000, 0x00000000c5500000, 0x00000000c5600000|  0%| F|  |TAMS 0x00000000c5500000, 0x00000000c5500000| Untracked 
|  38|0x00000000c5600000, 0x00000000c5600000, 0x00000000c5700000|  0%| F|  |TAMS 0x00000000c5600000, 0x00000000c5600000| Untracked 
|  39|0x00000000c5700000, 0x00000000c5700000, 0x00000000c5800000|  0%| F|  |TAMS 0x00000000c5700000, 0x00000000c5700000| Untracked 
|  40|0x00000000c5800000, 0x00000000c5800000, 0x00000000c5900000|  0%| F|  |TAMS 0x00000000c5800000, 0x00000000c5800000| Untracked 
|  41|0x00000000c5900000, 0x00000000c5900000, 0x00000000c5a00000|  0%| F|  |TAMS 0x00000000c5900000, 0x00000000c5900000| Untracked 
|  42|0x00000000c5a00000, 0x00000000c5a00000, 0x00000000c5b00000|  0%| F|  |TAMS 0x00000000c5a00000, 0x00000000c5a00000| Untracked 
|  43|0x00000000c5b00000, 0x00000000c5b00000, 0x00000000c5c00000|  0%| F|  |TAMS 0x00000000c5b00000, 0x00000000c5b00000| Untracked 
|  44|0x00000000c5c00000, 0x00000000c5c00000, 0x00000000c5d00000|  0%| F|  |TAMS 0x00000000c5c00000, 0x00000000c5c00000| Untracked 
|  45|0x00000000c5d00000, 0x00000000c5d00000, 0x00000000c5e00000|  0%| F|  |TAMS 0x00000000c5d00000, 0x00000000c5d00000| Untracked 
|  46|0x00000000c5e00000, 0x00000000c5e00000, 0x00000000c5f00000|  0%| F|  |TAMS 0x00000000c5e00000, 0x00000000c5e00000| Untracked 
|  47|0x00000000c5f00000, 0x00000000c5f00000, 0x00000000c6000000|  0%| F|  |TAMS 0x00000000c5f00000, 0x00000000c5f00000| Untracked 
|  48|0x00000000c6000000, 0x00000000c603c500, 0x00000000c6100000| 23%| E|  |TAMS 0x00000000c6000000, 0x00000000c6000000| Complete 
|  49|0x00000000c6100000, 0x00000000c6200000, 0x00000000c6200000|100%| E|CS|TAMS 0x00000000c6100000, 0x00000000c6100000| Complete 
|  50|0x00000000c6200000, 0x00000000c6300000, 0x00000000c6300000|100%| E|CS|TAMS 0x00000000c6200000, 0x00000000c6200000| Complete 
|  51|0x00000000c6300000, 0x00000000c6400000, 0x00000000c6400000|100%| E|CS|TAMS 0x00000000c6300000, 0x00000000c6300000| Complete 
|  52|0x00000000c6400000, 0x00000000c6500000, 0x00000000c6500000|100%| E|CS|TAMS 0x00000000c6400000, 0x00000000c6400000| Complete 
|  53|0x00000000c6500000, 0x00000000c6600000, 0x00000000c6600000|100%| E|CS|TAMS 0x00000000c6500000, 0x00000000c6500000| Complete 
|  54|0x00000000c6600000, 0x00000000c6700000, 0x00000000c6700000|100%| E|CS|TAMS 0x00000000c6600000, 0x00000000c6600000| Complete 
|  55|0x00000000c6700000, 0x00000000c6800000, 0x00000000c6800000|100%| E|CS|TAMS 0x00000000c6700000, 0x00000000c6700000| Complete 
|  56|0x00000000c6800000, 0x00000000c6900000, 0x00000000c6900000|100%| E|CS|TAMS 0x00000000c6800000, 0x00000000c6800000| Complete 
|  57|0x00000000c6900000, 0x00000000c6a00000, 0x00000000c6a00000|100%| E|CS|TAMS 0x00000000c6900000, 0x00000000c6900000| Complete 
|  58|0x00000000c6a00000, 0x00000000c6b00000, 0x00000000c6b00000|100%| E|  |TAMS 0x00000000c6a00000, 0x00000000c6a00000| Complete 
|  59|0x00000000c6b00000, 0x00000000c6c00000, 0x00000000c6c00000|100%| E|CS|TAMS 0x00000000c6b00000, 0x00000000c6b00000| Complete 
|  60|0x00000000c6c00000, 0x00000000c6d00000, 0x00000000c6d00000|100%| E|CS|TAMS 0x00000000c6c00000, 0x00000000c6c00000| Complete 
|  61|0x00000000c6d00000, 0x00000000c6e00000, 0x00000000c6e00000|100%| E|CS|TAMS 0x00000000c6d00000, 0x00000000c6d00000| Complete 
|  62|0x00000000c6e00000, 0x00000000c6f00000, 0x00000000c6f00000|100%| E|CS|TAMS 0x00000000c6e00000, 0x00000000c6e00000| Complete 
|  63|0x00000000c6f00000, 0x00000000c7000000, 0x00000000c7000000|100%| E|CS|TAMS 0x00000000c6f00000, 0x00000000c6f00000| Complete 
|  64|0x00000000c7000000, 0x00000000c7100000, 0x00000000c7100000|100%| E|CS|TAMS 0x00000000c7000000, 0x00000000c7000000| Complete 
|  65|0x00000000c7100000, 0x00000000c7200000, 0x00000000c7200000|100%| E|CS|TAMS 0x00000000c7100000, 0x00000000c7100000| Complete 
|  66|0x00000000c7200000, 0x00000000c7300000, 0x00000000c7300000|100%| E|CS|TAMS 0x00000000c7200000, 0x00000000c7200000| Complete 
|  67|0x00000000c7300000, 0x00000000c7400000, 0x00000000c7400000|100%| E|CS|TAMS 0x00000000c7300000, 0x00000000c7300000| Complete 
|  68|0x00000000c7400000, 0x00000000c7500000, 0x00000000c7500000|100%| E|CS|TAMS 0x00000000c7400000, 0x00000000c7400000| Complete 
|  69|0x00000000c7500000, 0x00000000c7600000, 0x00000000c7600000|100%| E|CS|TAMS 0x00000000c7500000, 0x00000000c7500000| Complete 
|  70|0x00000000c7600000, 0x00000000c7700000, 0x00000000c7700000|100%| E|CS|TAMS 0x00000000c7600000, 0x00000000c7600000| Complete 
|  71|0x00000000c7700000, 0x00000000c7800000, 0x00000000c7800000|100%| E|CS|TAMS 0x00000000c7700000, 0x00000000c7700000| Complete 
|  72|0x00000000c7800000, 0x00000000c7900000, 0x00000000c7900000|100%| E|CS|TAMS 0x00000000c7800000, 0x00000000c7800000| Complete 
|  73|0x00000000c7900000, 0x00000000c7a00000, 0x00000000c7a00000|100%| E|CS|TAMS 0x00000000c7900000, 0x00000000c7900000| Complete 
|  74|0x00000000c7a00000, 0x00000000c7b00000, 0x00000000c7b00000|100%| E|CS|TAMS 0x00000000c7a00000, 0x00000000c7a00000| Complete 
|  75|0x00000000c7b00000, 0x00000000c7c00000, 0x00000000c7c00000|100%| E|CS|TAMS 0x00000000c7b00000, 0x00000000c7b00000| Complete 
|  76|0x00000000c7c00000, 0x00000000c7d00000, 0x00000000c7d00000|100%| E|CS|TAMS 0x00000000c7c00000, 0x00000000c7c00000| Complete 
|  77|0x00000000c7d00000, 0x00000000c7e00000, 0x00000000c7e00000|100%| E|CS|TAMS 0x00000000c7d00000, 0x00000000c7d00000| Complete 
|  78|0x00000000c7e00000, 0x00000000c7f00000, 0x00000000c7f00000|100%| E|CS|TAMS 0x00000000c7e00000, 0x00000000c7e00000| Complete 
|  79|0x00000000c7f00000, 0x00000000c8000000, 0x00000000c8000000|100%| E|CS|TAMS 0x00000000c7f00000, 0x00000000c7f00000| Complete 
|  80|0x00000000c8000000, 0x00000000c8100000, 0x00000000c8100000|100%| E|CS|TAMS 0x00000000c8000000, 0x00000000c8000000| Complete 
|  81|0x00000000c8100000, 0x00000000c8200000, 0x00000000c8200000|100%| E|CS|TAMS 0x00000000c8100000, 0x00000000c8100000| Complete 
|  82|0x00000000c8200000, 0x00000000c8300000, 0x00000000c8300000|100%| E|CS|TAMS 0x00000000c8200000, 0x00000000c8200000| Complete 
|  83|0x00000000c8300000, 0x00000000c8400000, 0x00000000c8400000|100%| E|CS|TAMS 0x00000000c8300000, 0x00000000c8300000| Complete 
|  84|0x00000000c8400000, 0x00000000c8500000, 0x00000000c8500000|100%| E|CS|TAMS 0x00000000c8400000, 0x00000000c8400000| Complete 
|  85|0x00000000c8500000, 0x00000000c8600000, 0x00000000c8600000|100%| E|CS|TAMS 0x00000000c8500000, 0x00000000c8500000| Complete 
|  86|0x00000000c8600000, 0x00000000c8700000, 0x00000000c8700000|100%| E|CS|TAMS 0x00000000c8600000, 0x00000000c8600000| Complete 
|  87|0x00000000c8700000, 0x00000000c8800000, 0x00000000c8800000|100%| E|CS|TAMS 0x00000000c8700000, 0x00000000c8700000| Complete 
|  88|0x00000000c8800000, 0x00000000c8900000, 0x00000000c8900000|100%| E|CS|TAMS 0x00000000c8800000, 0x00000000c8800000| Complete 

Card table byte_map: [0x000001fa7bba0000,0x000001fa7bd90000] _byte_map_base: 0x000001fa7b588000

Marking Bits (Prev, Next): (CMBitMap*) 0x000001fa648160b0, (CMBitMap*) 0x000001fa64816070
 Prev Bits: [0x000001fa7cec0000, 0x000001fa7de00000)
 Next Bits: [0x000001fa7bf80000, 0x000001fa7cec0000)

Polling page: 0x000001fa62f70000

Metaspace:

Usage:
  Non-class:     24.16 MB used.
      Class:      3.34 MB used.
       Both:     27.50 MB used.

Virtual space:
  Non-class space:       64.00 MB reserved,      24.38 MB ( 38%) committed,  1 nodes.
      Class space:        1.00 GB reserved,       3.56 MB ( <1%) committed,  1 nodes.
             Both:        1.06 GB reserved,      27.94 MB (  3%) committed. 

Chunk freelists:
   Non-Class:  7.06 MB
       Class:  12.47 MB
        Both:  19.53 MB

MaxMetaspaceSize: unlimited
CompressedClassSpaceSize: 1.00 GB
Initial GC threshold: 21.00 MB
Current GC threshold: 35.12 MB
CDS: on
MetaspaceReclaimPolicy: balanced
 - commit_granule_bytes: 65536.
 - commit_granule_words: 8192.
 - virtual_space_node_default_size: 8388608.
 - enlarge_chunks_in_place: 1.
 - new_chunks_are_fully_committed: 0.
 - uncommit_free_chunks: 1.
 - use_allocation_guard: 0.
 - handle_deallocations: 1.


Internal statistics:

num_allocs_failed_limit: 3.
num_arena_births: 516.
num_arena_deaths: 0.
num_vsnodes_births: 2.
num_vsnodes_deaths: 0.
num_space_committed: 447.
num_space_uncommitted: 0.
num_chunks_returned_to_freelist: 3.
num_chunks_taken_from_freelist: 1624.
num_chunk_merges: 3.
num_chunk_splits: 1085.
num_chunks_enlarged: 759.
num_inconsistent_stats: 0.

CodeHeap 'non-profiled nmethods': size=120000Kb used=2552Kb max_used=2552Kb free=117447Kb
 bounds [0x000001fa73e60000, 0x000001fa740e0000, 0x000001fa7b390000]
CodeHeap 'profiled nmethods': size=120000Kb used=8896Kb max_used=9582Kb free=111103Kb
 bounds [0x000001fa6c390000, 0x000001fa6ccf0000, 0x000001fa738c0000]
CodeHeap 'non-nmethods': size=5760Kb used=1277Kb max_used=1316Kb free=4482Kb
 bounds [0x000001fa738c0000, 0x000001fa73b30000, 0x000001fa73e60000]
 total_blobs=5215 nmethods=4652 adapters=472
 compilation: enabled
              stopped_count=0, restarted_count=0
 full_count=0

Compilation events (20 events):
Event: 41.191 Thread 0x000001fa004aaf60 nmethod 5594 0x000001fa740db490 code [0x000001fa740db620, 0x000001fa740db928]
Event: 41.194 Thread 0x000001fa004aaf60 5595       4       com.salesforce.slds.shared.parsers.markup.MarkupParser$MarkupVisitor::tail (1 bytes)
Event: 41.195 Thread 0x000001fa004aaf60 nmethod 5595 0x000001fa740dba90 code [0x000001fa740dbc00, 0x000001fa740dbc78]
Event: 41.195 Thread 0x000001fa004aaf60 5596       4       vendors.org.jsoup.nodes.Element::ensureChildNodes (28 bytes)
Event: 41.200 Thread 0x000001fa004aaf60 nmethod 5596 0x000001fa740dbd90 code [0x000001fa740dbf20, 0x000001fa740dc2f8]
Event: 41.203 Thread 0x000001fa004aaf60 5597       4       vendors.org.jsoup.parser.TokeniserState$1::read (109 bytes)
Event: 41.205 Thread 0x000001fa004af290 5599 %     3       java.util.regex.Pattern::split @ 29 (288 bytes)
Event: 41.207 Thread 0x000001fa004af290 nmethod 5599% 0x000001fa6cadb910 code [0x000001fa6cadbda0, 0x000001fa6cade8a8]
Event: 41.216 Thread 0x000001fa004af290 5600       3       vendors.org.jsoup.parser.TokeniserState$47::read (116 bytes)
Event: 41.225 Thread 0x000001fa004af290 nmethod 5600 0x000001fa6cbb5510 code [0x000001fa6cbb5820, 0x000001fa6cbb6768]
Event: 41.225 Thread 0x000001fa004af290 5601   !   3       java.util.regex.Pattern::RemoveQEQuoting (370 bytes)
Event: 41.228 Thread 0x000001fa004af290 nmethod 5601 0x000001fa6cc34f90 code [0x000001fa6cc35260, 0x000001fa6cc363c8]
Event: 41.228 Thread 0x000001fa004af290 5602       3       java.util.Vector::elementData (7 bytes)
Event: 41.228 Thread 0x000001fa004af290 nmethod 5602 0x000001fa6c60f790 code [0x000001fa6c60f920, 0x000001fa6c60fa58]
Event: 41.244 Thread 0x000001fa004aaf60 nmethod 5597 0x000001fa740dc410 code [0x000001fa740dc660, 0x000001fa740dd3d0]
Event: 41.244 Thread 0x000001fa004aaf60 5598       4       vendors.org.jsoup.parser.LightingTreeBuilder::process (57 bytes)
Event: 41.254 Thread 0x000001fa004af290 5603       3       java.util.regex.Pattern$BnM::optimize (179 bytes)
Event: 41.255 Thread 0x000001fa004af290 nmethod 5603 0x000001fa6cc33b90 code [0x000001fa6cc33e00, 0x000001fa6cc34be8]
Event: 41.255 Thread 0x000001fa004af290 5604       3       java.util.regex.Pattern::compile (500 bytes)
Event: 41.259 Thread 0x000001fa004af290 nmethod 5604 0x000001fa6cad7310 code [0x000001fa6cad77c0, 0x000001fa6cada508]

GC Heap History (20 events):
Event: 6.523 GC heap before
{Heap before GC invocations=2 (full 0):
 garbage-first heap   total 63488K, used 39697K [0x00000000c3000000, 0x0000000100000000)
  region size 1024K, 37 young (37888K), 1 survivors (1024K)
 Metaspace       used 8591K, committed 8896K, reserved 1114112K
  class space    used 1075K, committed 1216K, reserved 1048576K
}
Event: 6.533 GC heap after
{Heap after GC invocations=3 (full 0):
 garbage-first heap   total 63488K, used 3963K [0x00000000c3000000, 0x0000000100000000)
  region size 1024K, 3 young (3072K), 3 survivors (3072K)
 Metaspace       used 8591K, committed 8896K, reserved 1114112K
  class space    used 1075K, committed 1216K, reserved 1048576K
}
Event: 11.354 GC heap before
{Heap before GC invocations=3 (full 0):
 garbage-first heap   total 63488K, used 38779K [0x00000000c3000000, 0x0000000100000000)
  region size 1024K, 37 young (37888K), 3 survivors (3072K)
 Metaspace       used 11939K, committed 12288K, reserved 1114112K
  class space    used 1521K, committed 1664K, reserved 1048576K
}
Event: 11.364 GC heap after
{Heap after GC invocations=4 (full 0):
 garbage-first heap   total 63488K, used 5065K [0x00000000c3000000, 0x0000000100000000)
  region size 1024K, 4 young (4096K), 4 survivors (4096K)
 Metaspace       used 11939K, committed 12288K, reserved 1114112K
  class space    used 1521K, committed 1664K, reserved 1048576K
}
Event: 12.997 GC heap before
{Heap before GC invocations=4 (full 0):
 garbage-first heap   total 63488K, used 38857K [0x00000000c3000000, 0x0000000100000000)
  region size 1024K, 37 young (37888K), 4 survivors (4096K)
 Metaspace       used 13979K, committed 14336K, reserved 1114112K
  class space    used 1741K, committed 1920K, reserved 1048576K
}
Event: 13.011 GC heap after
{Heap after GC invocations=5 (full 0):
 garbage-first heap   total 63488K, used 6531K [0x00000000c3000000, 0x0000000100000000)
  region size 1024K, 4 young (4096K), 4 survivors (4096K)
 Metaspace       used 13979K, committed 14336K, reserved 1114112K
  class space    used 1741K, committed 1920K, reserved 1048576K
}
Event: 14.371 GC heap before
{Heap before GC invocations=5 (full 0):
 garbage-first heap   total 63488K, used 40323K [0x00000000c3000000, 0x0000000100000000)
  region size 1024K, 37 young (37888K), 4 survivors (4096K)
 Metaspace       used 18676K, committed 19008K, reserved 1114112K
  class space    used 2275K, committed 2432K, reserved 1048576K
}
Event: 14.392 GC heap after
{Heap after GC invocations=6 (full 0):
 garbage-first heap   total 63488K, used 8323K [0x00000000c3000000, 0x0000000100000000)
  region size 1024K, 5 young (5120K), 5 survivors (5120K)
 Metaspace       used 18676K, committed 19008K, reserved 1114112K
  class space    used 2275K, committed 2432K, reserved 1048576K
}
Event: 15.500 GC heap before
{Heap before GC invocations=6 (full 0):
 garbage-first heap   total 63488K, used 22659K [0x00000000c3000000, 0x0000000100000000)
  region size 1024K, 20 young (20480K), 5 survivors (5120K)
 Metaspace       used 21130K, committed 21504K, reserved 1114112K
  class space    used 2545K, committed 2752K, reserved 1048576K
}
Event: 15.519 GC heap after
{Heap after GC invocations=7 (full 0):
 garbage-first heap   total 63488K, used 8678K [0x00000000c3000000, 0x0000000100000000)
  region size 1024K, 3 young (3072K), 3 survivors (3072K)
 Metaspace       used 21130K, committed 21504K, reserved 1114112K
  class space    used 2545K, committed 2752K, reserved 1048576K
}
Event: 16.297 GC heap before
{Heap before GC invocations=8 (full 0):
 garbage-first heap   total 37888K, used 28134K [0x00000000c3000000, 0x0000000100000000)
  region size 1024K, 22 young (22528K), 3 survivors (3072K)
 Metaspace       used 21267K, committed 21632K, reserved 1114112K
  class space    used 2552K, committed 2752K, reserved 1048576K
}
Event: 16.314 GC heap after
{Heap after GC invocations=9 (full 0):
 garbage-first heap   total 37888K, used 10625K [0x00000000c3000000, 0x0000000100000000)
  region size 1024K, 3 young (3072K), 3 survivors (3072K)
 Metaspace       used 21267K, committed 21632K, reserved 1114112K
  class space    used 2552K, committed 2752K, reserved 1048576K
}
Event: 16.318 GC heap before
{Heap before GC invocations=9 (full 0):
 garbage-first heap   total 37888K, used 11649K [0x00000000c3000000, 0x0000000100000000)
  region size 1024K, 4 young (4096K), 3 survivors (3072K)
 Metaspace       used 21267K, committed 21632K, reserved 1114112K
  class space    used 2552K, committed 2752K, reserved 1048576K
}
Event: 16.328 GC heap after
{Heap after GC invocations=10 (full 0):
 garbage-first heap   total 37888K, used 10673K [0x00000000c3000000, 0x0000000100000000)
  region size 1024K, 1 young (1024K), 1 survivors (1024K)
 Metaspace       used 21267K, committed 21632K, reserved 1114112K
  class space    used 2552K, committed 2752K, reserved 1048576K
}
Event: 16.388 GC heap before
{Heap before GC invocations=10 (full 0):
 garbage-first heap   total 37888K, used 28081K [0x00000000c3000000, 0x0000000100000000)
  region size 1024K, 18 young (18432K), 1 survivors (1024K)
 Metaspace       used 21270K, committed 21632K, reserved 1114112K
  class space    used 2552K, committed 2752K, reserved 1048576K
}
Event: 16.389 GC heap after
{Heap after GC invocations=11 (full 0):
 garbage-first heap   total 37888K, used 10333K [0x00000000c3000000, 0x0000000100000000)
  region size 1024K, 1 young (1024K), 1 survivors (1024K)
 Metaspace       used 21270K, committed 21632K, reserved 1114112K
  class space    used 2552K, committed 2752K, reserved 1048576K
}
Event: 16.639 GC heap before
{Heap before GC invocations=11 (full 0):
 garbage-first heap   total 37888K, used 28765K [0x00000000c3000000, 0x0000000100000000)
  region size 1024K, 19 young (19456K), 1 survivors (1024K)
 Metaspace       used 21443K, committed 21824K, reserved 1114112K
  class space    used 2569K, committed 2752K, reserved 1048576K
}
Event: 16.644 GC heap after
{Heap after GC invocations=12 (full 0):
 garbage-first heap   total 91136K, used 10320K [0x00000000c3000000, 0x0000000100000000)
  region size 1024K, 1 young (1024K), 1 survivors (1024K)
 Metaspace       used 21443K, committed 21824K, reserved 1114112K
  class space    used 2569K, committed 2752K, reserved 1048576K
}
Event: 19.675 GC heap before
{Heap before GC invocations=12 (full 0):
 garbage-first heap   total 91136K, used 63568K [0x00000000c3000000, 0x0000000100000000)
  region size 1024K, 53 young (54272K), 1 survivors (1024K)
 Metaspace       used 25525K, committed 25920K, reserved 1114112K
  class space    used 3049K, committed 3264K, reserved 1048576K
}
Event: 19.697 GC heap after
{Heap after GC invocations=13 (full 0):
 garbage-first heap   total 91136K, used 14305K [0x00000000c3000000, 0x0000000100000000)
  region size 1024K, 4 young (4096K), 4 survivors (4096K)
 Metaspace       used 25525K, committed 25920K, reserved 1114112K
  class space    used 3049K, committed 3264K, reserved 1048576K
}

Dll operation events (10 events):
Event: 0.062 Loaded shared library C:\Program Files\Eclipse Adoptium\jdk-17.0.16.8-hotspot\bin\java.dll
Event: 0.154 Loaded shared library C:\Program Files\Eclipse Adoptium\jdk-17.0.16.8-hotspot\bin\jsvml.dll
Event: 0.825 Loaded shared library C:\Program Files\Eclipse Adoptium\jdk-17.0.16.8-hotspot\bin\net.dll
Event: 0.902 Loaded shared library C:\Program Files\Eclipse Adoptium\jdk-17.0.16.8-hotspot\bin\nio.dll
Event: 0.923 Loaded shared library C:\Program Files\Eclipse Adoptium\jdk-17.0.16.8-hotspot\bin\zip.dll
Event: 1.265 Loaded shared library C:\Program Files\Eclipse Adoptium\jdk-17.0.16.8-hotspot\bin\jimage.dll
Event: 2.581 Loaded shared library C:\Program Files\Eclipse Adoptium\jdk-17.0.16.8-hotspot\bin\verify.dll
Event: 16.801 Loaded shared library C:\Program Files\Eclipse Adoptium\jdk-17.0.16.8-hotspot\bin\extnet.dll
Event: 23.186 Loaded shared library C:\Program Files\Eclipse Adoptium\jdk-17.0.16.8-hotspot\bin\management.dll
Event: 23.208 Loaded shared library C:\Program Files\Eclipse Adoptium\jdk-17.0.16.8-hotspot\bin\management_ext.dll

Deoptimization events (20 events):
Event: 40.878 Thread 0x000001fa46af7e20 Uncommon trap: trap_request=0xffffff45 fr.pc=0x000001fa73fb6a0c relative=0x00000000000004ec
Event: 40.878 Thread 0x000001fa46af7e20 Uncommon trap: reason=unstable_if action=reinterpret pc=0x000001fa73fb6a0c method=java.lang.AbstractStringBuilder.putStringAt(ILjava/lang/String;II)V @ 8 c2
Event: 40.878 Thread 0x000001fa46af7e20 DEOPT PACKING pc=0x000001fa73fb6a0c sp=0x000000974d6fddd0
Event: 40.878 Thread 0x000001fa46af7e20 DEOPT UNPACKING pc=0x000001fa739169a3 sp=0x000000974d6fdc68 mode 2
Event: 40.880 Thread 0x000001fa46af7e20 DEOPT PACKING pc=0x000001fa6c53a3e7 sp=0x000000974d6fda80
Event: 40.880 Thread 0x000001fa46af7e20 DEOPT UNPACKING pc=0x000001fa73917143 sp=0x000000974d6fcf20 mode 0
Event: 40.885 Thread 0x000001fa46af7e20 DEOPT PACKING pc=0x000001fa6c53a3e7 sp=0x000000974d6fda80
Event: 40.885 Thread 0x000001fa46af7e20 DEOPT UNPACKING pc=0x000001fa73917143 sp=0x000000974d6fcf20 mode 0
Event: 40.886 Thread 0x000001fa46af7e20 DEOPT PACKING pc=0x000001fa6c53a3e7 sp=0x000000974d6fda80
Event: 40.886 Thread 0x000001fa46af7e20 DEOPT UNPACKING pc=0x000001fa73917143 sp=0x000000974d6fcf20 mode 0
Event: 40.889 Thread 0x000001fa46af7e20 DEOPT PACKING pc=0x000001fa6c53a3e7 sp=0x000000974d6fda80
Event: 40.889 Thread 0x000001fa46af7e20 DEOPT UNPACKING pc=0x000001fa73917143 sp=0x000000974d6fcf20 mode 0
Event: 40.890 Thread 0x000001fa46af7e20 DEOPT PACKING pc=0x000001fa6c53a3e7 sp=0x000000974d6fda80
Event: 40.890 Thread 0x000001fa46af7e20 DEOPT UNPACKING pc=0x000001fa73917143 sp=0x000000974d6fcf20 mode 0
Event: 40.953 Thread 0x000001fa46af7e20 DEOPT PACKING pc=0x000001fa6c60df4f sp=0x000000974d6fdda0
Event: 40.953 Thread 0x000001fa46af7e20 DEOPT UNPACKING pc=0x000001fa73917143 sp=0x000000974d6fd260 mode 0
Event: 40.972 Thread 0x000001fa46af7e20 DEOPT PACKING pc=0x000001fa6c6e1e50 sp=0x000000974d6fde30
Event: 40.972 Thread 0x000001fa46af7e20 DEOPT UNPACKING pc=0x000001fa73917143 sp=0x000000974d6fd308 mode 0
Event: 41.100 Thread 0x000001fa46af7e20 DEOPT PACKING pc=0x000001fa6c77cb10 sp=0x000000974d6fdc60
Event: 41.100 Thread 0x000001fa46af7e20 DEOPT UNPACKING pc=0x000001fa73917143 sp=0x000000974d6fd160 mode 0

Classes loaded (20 events):
Event: 23.269 Loading class java/util/IdentityHashMap$IdentityHashMapSpliterator done
Event: 23.269 Loading class java/util/IdentityHashMap$KeySpliterator done
Event: 23.271 Loading class java/util/stream/SortedOps$SizedRefSortingSink
Event: 23.273 Loading class java/util/stream/SortedOps$SizedRefSortingSink done
Event: 27.184 Loading class jdk/internal/reflect/UnsafeQualifiedIntegerFieldAccessorImpl
Event: 27.185 Loading class jdk/internal/reflect/UnsafeQualifiedFieldAccessorImpl
Event: 27.185 Loading class jdk/internal/reflect/UnsafeQualifiedFieldAccessorImpl done
Event: 27.185 Loading class jdk/internal/reflect/UnsafeQualifiedIntegerFieldAccessorImpl done
Event: 27.381 Loading class java/util/concurrent/CompletableFuture$AltResult
Event: 27.381 Loading class java/util/concurrent/CompletableFuture$AltResult done
Event: 27.382 Loading class java/util/concurrent/CompletableFuture$Completion
Event: 27.382 Loading class java/util/concurrent/CompletableFuture$AsynchronousCompletionTask
Event: 27.382 Loading class java/util/concurrent/CompletableFuture$AsynchronousCompletionTask done
Event: 27.382 Loading class java/util/concurrent/CompletableFuture$Completion done
Event: 40.183 Loading class jdk/internal/reflect/UnsafeIntegerFieldAccessorImpl
Event: 40.186 Loading class jdk/internal/reflect/UnsafeIntegerFieldAccessorImpl done
Event: 40.244 Loading class java/io/FileFilter
Event: 40.249 Loading class java/io/FileFilter done
Event: 40.747 Loading class jdk/internal/misc/ScopedMemoryAccess$Scope$Handle
Event: 40.751 Loading class jdk/internal/misc/ScopedMemoryAccess$Scope$Handle done

Classes unloaded (0 events):
No events

Classes redefined (0 events):
No events

Internal exceptions (20 events):
Event: 18.325 Thread 0x000001fa647d91c0 Exception <a 'java/lang/ClassNotFoundException'{0x00000000c6cc5370}: com/salesforce/slds/shared/converters/colors/ColorConfigBeanInfo> (0x00000000c6cc5370) 
thrown [s\src\hotspot\share\classfile\systemDictionary.cpp, line 256]
Event: 18.326 Thread 0x000001fa647d91c0 Exception <a 'java/lang/ClassNotFoundException'{0x00000000c6cdbeb8}: com/salesforce/slds/shared/converters/colors/ColorConfigCustomizer> (0x00000000c6cdbeb8) 
thrown [s\src\hotspot\share\classfile\systemDictionary.cpp, line 256]
Event: 18.330 Thread 0x000001fa647d91c0 Exception <a 'java/lang/ClassNotFoundException'{0x00000000c6cfb608}: com/salesforce/slds/shared/converters/colors/ColorConfig$StaticMappingBeanInfo> (0x00000000c6cfb608) 
thrown [s\src\hotspot\share\classfile\systemDictionary.cpp, line 256]
Event: 18.330 Thread 0x000001fa647d91c0 Exception <a 'java/lang/ClassNotFoundException'{0x00000000c6b12eb0}: com/salesforce/slds/shared/converters/colors/ColorConfig$StaticMappingCustomizer> (0x00000000c6b12eb0) 
thrown [s\src\hotspot\share\classfile\systemDictionary.cpp, line 256]
Event: 18.544 Thread 0x000001fa647d91c0 Exception <a 'java/lang/ClassNotFoundException'{0x00000000c66542c8}: com/salesforce/slds/validation/validators/models/PropertiesBeanInfo> (0x00000000c66542c8) 
thrown [s\src\hotspot\share\classfile\systemDictionary.cpp, line 256]
Event: 18.551 Thread 0x000001fa647d91c0 Exception <a 'java/lang/ClassNotFoundException'{0x00000000c666b1c0}: com/salesforce/slds/validation/validators/models/PropertiesCustomizer> (0x00000000c666b1c0) 
thrown [s\src\hotspot\share\classfile\systemDictionary.cpp, line 256]
Event: 18.590 Thread 0x000001fa647d91c0 Exception <a 'java/lang/ClassNotFoundException'{0x00000000c668abf8}: com/salesforce/slds/validation/validators/models/Properties$ItemBeanInfo> (0x00000000c668abf8) 
thrown [s\src\hotspot\share\classfile\systemDictionary.cpp, line 256]
Event: 18.591 Thread 0x000001fa647d91c0 Exception <a 'java/lang/ClassNotFoundException'{0x00000000c66a1d50}: com/salesforce/slds/validation/validators/models/Properties$ItemCustomizer> (0x00000000c66a1d50) 
thrown [s\src\hotspot\share\classfile\systemDictionary.cpp, line 256]
Event: 19.567 Thread 0x000001fa647d91c0 Exception <a 'java/lang/NoSuchMethodError'{0x00000000c597b2b8}: 'void java.lang.invoke.DirectMethodHandle$Holder.invokeStatic(java.lang.Object, int, java.lang.Object)'> (0x00000000c597b2b8) 
thrown [s\src\hotspot\share\interpreter\linkResolver.cpp, line 759]
Event: 21.460 Thread 0x000001fa647d91c0 Exception <a 'java/lang/NoSuchMethodError'{0x00000000c849c190}: 'java.lang.Object java.lang.invoke.DirectMethodHandle$Holder.invokeVirtual(java.lang.Object, java.lang.Object, java.lang.Object, java.lang.Object)'> (0x00000000c849c190) 
thrown [s\src\hotspot\share\interpreter\linkResolver.cpp, line 759]
Event: 22.366 Thread 0x000001fa647d91c0 Exception <a 'java/lang/NoSuchMethodError'{0x00000000c8059458}: 'int java.lang.invoke.DirectMethodHandle$Holder.invokeSpecial(java.lang.Object, java.lang.Object, java.lang.Object, java.lang.Object, java.lang.Object)'> (0x00000000c8059458) 
thrown [s\src\hotspot\share\interpreter\linkResolver.cpp, line 759]
Event: 23.069 Thread 0x000001fa647d91c0 Exception <a 'java/lang/NoSuchMethodError'{0x00000000c7ebbcc0}: 'void java.lang.invoke.DirectMethodHandle$Holder.invokeVirtual(java.lang.Object, java.lang.Object, int)'> (0x00000000c7ebbcc0) 
thrown [s\src\hotspot\share\interpreter\linkResolver.cpp, line 759]
Event: 23.074 Thread 0x000001fa647d91c0 Exception <a 'java/lang/NoSuchMethodError'{0x00000000c7ec8410}: 'long java.lang.invoke.DirectMethodHandle$Holder.invokeSpecial(java.lang.Object, java.lang.Object)'> (0x00000000c7ec8410) 
thrown [s\src\hotspot\share\interpreter\linkResolver.cpp, line 759]
Event: 23.084 Thread 0x000001fa647d91c0 Exception <a 'java/lang/NoSuchMethodError'{0x00000000c7eea3c0}: 'void java.lang.invoke.DirectMethodHandle$Holder.invokeVirtual(java.lang.Object, java.lang.Object, long)'> (0x00000000c7eea3c0) 
thrown [s\src\hotspot\share\interpreter\linkResolver.cpp, line 759]
Event: 23.098 Thread 0x000001fa647d91c0 Exception <a 'java/lang/NoSuchMethodError'{0x00000000c7d1dc30}: 'java.lang.Object java.lang.invoke.DirectMethodHandle$Holder.newInvokeSpecial(java.lang.Object, java.lang.Object, int, java.lang.Object, java.lang.Object)'> (0x00000000c7d1dc30) 
thrown [s\src\hotspot\share\interpreter\linkResolver.cpp, line 759]
Event: 23.102 Thread 0x000001fa647d91c0 Exception <a 'java/lang/NoSuchMethodError'{0x00000000c7d2cd10}: 'java.lang.Object java.lang.invoke.DirectMethodHandle$Holder.newInvokeSpecial(java.lang.Object, java.lang.Object, java.lang.Object, int)'> (0x00000000c7d2cd10) 
thrown [s\src\hotspot\share\interpreter\linkResolver.cpp, line 759]
Event: 23.103 Thread 0x000001fa647d91c0 Exception <a 'java/lang/NoSuchMethodError'{0x00000000c7d30ff8}: 'java.lang.Object java.lang.invoke.DirectMethodHandle$Holder.invokeSpecial(java.lang.Object, java.lang.Object, java.lang.Object, java.lang.Object, int)'> (0x00000000c7d30ff8) 
thrown [s\src\hotspot\share\interpreter\linkResolver.cpp, line 759]
Event: 23.104 Thread 0x000001fa647d91c0 Exception <a 'java/lang/NoSuchMethodError'{0x00000000c7d34bc0}: 'java.lang.Object java.lang.invoke.Invokers$Holder.linkToTargetMethod(java.lang.Object, java.lang.Object, int, java.lang.Object)'> (0x00000000c7d34bc0) 
thrown [s\src\hotspot\share\interpreter\linkResolver.cpp, line 759]
Event: 40.154 Thread 0x000001fa46af7e20 Exception <a 'java/lang/NoSuchMethodError'{0x00000000c7546d90}: 'void java.lang.invoke.DirectMethodHandle$Holder.invokeSpecial(java.lang.Object, java.lang.Object, int, java.lang.Object)'> (0x00000000c7546d90) 
thrown [s\src\hotspot\share\interpreter\linkResolver.cpp, line 759]
Event: 40.159 Thread 0x000001fa46af7e20 Exception <a 'java/lang/NoSuchMethodError'{0x00000000c754dad8}: 'java.lang.Object java.lang.invoke.DirectMethodHandle$Holder.newInvokeSpecial(java.lang.Object, java.lang.Object, int)'> (0x00000000c754dad8) 
thrown [s\src\hotspot\share\interpreter\linkResolver.cpp, line 759]

VM Operations (20 events):
Event: 21.656 Executing VM operation: Cleanup
Event: 21.672 Executing VM operation: Cleanup done
Event: 21.746 Executing VM operation: HandshakeAllThreads
Event: 21.746 Executing VM operation: HandshakeAllThreads done
Event: 22.746 Executing VM operation: Cleanup
Event: 22.755 Executing VM operation: Cleanup done
Event: 23.057 Executing VM operation: HandshakeAllThreads
Event: 23.057 Executing VM operation: HandshakeAllThreads done
Event: 23.255 Executing VM operation: HandshakeAllThreads
Event: 23.255 Executing VM operation: HandshakeAllThreads done
Event: 24.259 Executing VM operation: Cleanup
Event: 24.260 Executing VM operation: Cleanup done
Event: 27.287 Executing VM operation: Cleanup
Event: 27.303 Executing VM operation: Cleanup done
Event: 28.318 Executing VM operation: Cleanup
Event: 28.318 Executing VM operation: Cleanup done
Event: 40.401 Executing VM operation: Cleanup
Event: 40.401 Executing VM operation: Cleanup done
Event: 40.766 Executing VM operation: HandshakeAllThreads
Event: 40.767 Executing VM operation: HandshakeAllThreads done

Memory protections (0 events):
No events

Nmethod flushes (20 events):
Event: 19.563 Thread 0x000001fa00522a70 flushing  nmethod 0x000001fa6cc38810
Event: 19.563 Thread 0x000001fa00522a70 flushing  nmethod 0x000001fa6cc61790
Event: 19.563 Thread 0x000001fa00522a70 flushing  nmethod 0x000001fa6cc62610
Event: 19.563 Thread 0x000001fa00522a70 flushing  nmethod 0x000001fa6cc62e90
Event: 19.563 Thread 0x000001fa00522a70 flushing  nmethod 0x000001fa6cc63610
Event: 19.563 Thread 0x000001fa00522a70 flushing  nmethod 0x000001fa6cc63a90
Event: 19.563 Thread 0x000001fa00522a70 flushing  nmethod 0x000001fa6cc65090
Event: 19.563 Thread 0x000001fa00522a70 flushing  nmethod 0x000001fa6cc65690
Event: 19.563 Thread 0x000001fa00522a70 flushing  nmethod 0x000001fa6cc65f10
Event: 19.563 Thread 0x000001fa00522a70 flushing  nmethod 0x000001fa6cc67190
Event: 19.563 Thread 0x000001fa00522a70 flushing  nmethod 0x000001fa6cc68110
Event: 19.563 Thread 0x000001fa00522a70 flushing  nmethod 0x000001fa6cc68890
Event: 19.563 Thread 0x000001fa00522a70 flushing  nmethod 0x000001fa6cc68c90
Event: 19.563 Thread 0x000001fa00522a70 flushing  nmethod 0x000001fa6cc7b390
Event: 19.563 Thread 0x000001fa00522a70 flushing  nmethod 0x000001fa6cc80090
Event: 19.563 Thread 0x000001fa00522a70 flushing  nmethod 0x000001fa6cc8ba10
Event: 19.563 Thread 0x000001fa00522a70 flushing  nmethod 0x000001fa6cc8c710
Event: 19.563 Thread 0x000001fa00522a70 flushing  nmethod 0x000001fa6cc8da90
Event: 19.563 Thread 0x000001fa00522a70 flushing  nmethod 0x000001fa6cc8e110
Event: 19.563 Thread 0x000001fa00522a70 flushing  nmethod 0x000001fa6ccdd510

Events (20 events):
Event: 18.222 Thread 0x000001fa47f0a4a0 Thread exited: 0x000001fa47f0a4a0
Event: 18.222 Thread 0x000001fa46ec2980 Thread exited: 0x000001fa46ec2980
Event: 18.222 Thread 0x000001fa474abb50 Thread exited: 0x000001fa474abb50
Event: 18.231 Thread 0x000001fa47f09570 Thread exited: 0x000001fa47f09570
Event: 18.231 Thread 0x000001fa47f09f90 Thread exited: 0x000001fa47f09f90
Event: 19.570 Thread 0x000001fa647d91c0 Thread added: 0x000001fa47f09570
Event: 19.570 Thread 0x000001fa647d91c0 Thread added: 0x000001fa47f09a80
Event: 19.571 Thread 0x000001fa647d91c0 Thread added: 0x000001fa47f0a4a0
Event: 19.571 Thread 0x000001fa647d91c0 Thread added: 0x000001fa47f09f90
Event: 19.571 Thread 0x000001fa647d91c0 Thread added: 0x000001fa47f08b50
Event: 19.571 Thread 0x000001fa647d91c0 Thread added: 0x000001fa47f09060
Event: 19.913 Thread 0x000001fa47f0a4a0 Thread exited: 0x000001fa47f0a4a0
Event: 19.914 Thread 0x000001fa47f09f90 Thread exited: 0x000001fa47f09f90
Event: 19.927 Thread 0x000001fa47f09570 Thread exited: 0x000001fa47f09570
Event: 19.928 Thread 0x000001fa47f09a80 Thread exited: 0x000001fa47f09a80
Event: 20.472 Thread 0x000001fa47f09060 Thread exited: 0x000001fa47f09060
Event: 20.472 Thread 0x000001fa47f08b50 Thread exited: 0x000001fa47f08b50
Event: 23.277 Thread 0x000001fa647d91c0 Thread exited: 0x000001fa647d91c0
Event: 23.277 Thread 0x000001fa47f0a4a0 Thread added: 0x000001fa47f0a4a0
Event: 40.805 Thread 0x000001fa004af290 Thread added: 0x000001fa47f06080


Dynamic libraries:
0x00007ff7dbfb0000 - 0x00007ff7dbfbe000 	C:\Program Files\Eclipse Adoptium\jdk-17.0.16.8-hotspot\bin\java.exe
0x00007ffed2fa0000 - 0x00007ffed3206000 	C:\WINDOWS\SYSTEM32\ntdll.dll
0x00007ffed1470000 - 0x00007ffed1539000 	C:\WINDOWS\System32\KERNEL32.DLL
0x00007ffed0160000 - 0x00007ffed052c000 	C:\WINDOWS\System32\KERNELBASE.dll
0x00007ffed0530000 - 0x00007ffed067b000 	C:\WINDOWS\System32\ucrtbase.dll
0x00007ffe90720000 - 0x00007ffe90737000 	C:\Program Files\Eclipse Adoptium\jdk-17.0.16.8-hotspot\bin\jli.dll
0x00007ffed1210000 - 0x00007ffed13da000 	C:\WINDOWS\System32\USER32.dll
0x00007ffed0130000 - 0x00007ffed0157000 	C:\WINDOWS\System32\win32u.dll
0x00007ffed1540000 - 0x00007ffed156b000 	C:\WINDOWS\System32\GDI32.dll
0x00007ffed09e0000 - 0x00007ffed0b12000 	C:\WINDOWS\System32\gdi32full.dll
0x00007ffed08a0000 - 0x00007ffed0943000 	C:\WINDOWS\System32\msvcp_win.dll
0x00007ffeb39a0000 - 0x00007ffeb3c3a000 	C:\WINDOWS\WinSxS\amd64_microsoft.windows.common-controls_6595b64144ccf1df_6.0.26100.3912_none_3e07963ce335137e\COMCTL32.dll
0x00007ffed2eb0000 - 0x00007ffed2f59000 	C:\WINDOWS\System32\msvcrt.dll
0x00007ffe8eb30000 - 0x00007ffe8eb4e000 	C:\Program Files\Eclipse Adoptium\jdk-17.0.16.8-hotspot\bin\VCRUNTIME140.dll
0x00007ffed20b0000 - 0x00007ffed20e0000 	C:\WINDOWS\System32\IMM32.DLL
0x00007ffeb6140000 - 0x00007ffeb614c000 	C:\Program Files\Eclipse Adoptium\jdk-17.0.16.8-hotspot\bin\vcruntime140_1.dll
0x00007ffe70e60000 - 0x00007ffe70eed000 	C:\Program Files\Eclipse Adoptium\jdk-17.0.16.8-hotspot\bin\msvcp140.dll
0x00007ffe02c70000 - 0x00007ffe038db000 	C:\Program Files\Eclipse Adoptium\jdk-17.0.16.8-hotspot\bin\server\jvm.dll
0x00007ffed0f00000 - 0x00007ffed0fb2000 	C:\WINDOWS\System32\ADVAPI32.dll
0x00007ffed2970000 - 0x00007ffed2a16000 	C:\WINDOWS\System32\sechost.dll
0x00007ffed27a0000 - 0x00007ffed28b6000 	C:\WINDOWS\System32\RPCRT4.dll
0x00007ffed0e80000 - 0x00007ffed0ef4000 	C:\WINDOWS\System32\WS2_32.dll
0x00007ffeced80000 - 0x00007ffecedde000 	C:\WINDOWS\SYSTEM32\POWRPROF.dll
0x00007ffeccfb0000 - 0x00007ffeccfe6000 	C:\WINDOWS\SYSTEM32\WINMM.dll
0x00007ffec4730000 - 0x00007ffec473b000 	C:\WINDOWS\SYSTEM32\VERSION.dll
0x00007ffeced60000 - 0x00007ffeced74000 	C:\WINDOWS\SYSTEM32\UMPDC.dll
0x00007ffecf010000 - 0x00007ffecf02a000 	C:\WINDOWS\SYSTEM32\kernel.appcore.dll
0x00007ffeb5550000 - 0x00007ffeb555a000 	C:\Program Files\Eclipse Adoptium\jdk-17.0.16.8-hotspot\bin\jimage.dll
0x00007ffecda20000 - 0x00007ffecdc61000 	C:\WINDOWS\SYSTEM32\DBGHELP.DLL
0x00007ffed2410000 - 0x00007ffed2794000 	C:\WINDOWS\System32\combase.dll
0x00007ffed1f10000 - 0x00007ffed1ff0000 	C:\WINDOWS\System32\OLEAUT32.dll
0x00007ffeccf70000 - 0x00007ffeccfa9000 	C:\WINDOWS\SYSTEM32\dbgcore.DLL
0x00007ffed0800000 - 0x00007ffed0899000 	C:\WINDOWS\System32\bcryptPrimitives.dll
0x00007ffe8d1a0000 - 0x00007ffe8d1c5000 	C:\Program Files\Eclipse Adoptium\jdk-17.0.16.8-hotspot\bin\java.dll
0x00007ffe677f0000 - 0x00007ffe678c7000 	C:\Program Files\Eclipse Adoptium\jdk-17.0.16.8-hotspot\bin\jsvml.dll
0x00007ffed1570000 - 0x00007ffed1c9d000 	C:\WINDOWS\System32\SHELL32.dll
0x00007ffed0be0000 - 0x00007ffed0d54000 	C:\WINDOWS\System32\wintypes.dll
0x00007ffecde00000 - 0x00007ffece656000 	C:\WINDOWS\SYSTEM32\windows.storage.dll
0x00007ffed2180000 - 0x00007ffed226f000 	C:\WINDOWS\System32\SHCORE.dll
0x00007ffed1cf0000 - 0x00007ffed1d59000 	C:\WINDOWS\System32\shlwapi.dll
0x00007ffed0040000 - 0x00007ffed006f000 	C:\WINDOWS\SYSTEM32\profapi.dll
0x00007ffe8e940000 - 0x00007ffe8e959000 	C:\Program Files\Eclipse Adoptium\jdk-17.0.16.8-hotspot\bin\net.dll
0x00007ffebec60000 - 0x00007ffebed7e000 	C:\WINDOWS\SYSTEM32\WINHTTP.dll
0x00007ffecf580000 - 0x00007ffecf5ea000 	C:\WINDOWS\system32\mswsock.dll
0x00007ffe8e0c0000 - 0x00007ffe8e0d6000 	C:\Program Files\Eclipse Adoptium\jdk-17.0.16.8-hotspot\bin\nio.dll
0x00007ffe8d9c0000 - 0x00007ffe8d9d8000 	C:\Program Files\Eclipse Adoptium\jdk-17.0.16.8-hotspot\bin\zip.dll
0x00007ffeb4860000 - 0x00007ffeb4870000 	C:\Program Files\Eclipse Adoptium\jdk-17.0.16.8-hotspot\bin\verify.dll
0x00007ffece9c0000 - 0x00007ffeceae7000 	C:\WINDOWS\SYSTEM32\DNSAPI.dll
0x00007ffece980000 - 0x00007ffece9b3000 	C:\WINDOWS\SYSTEM32\IPHLPAPI.DLL
0x00007ffed1020000 - 0x00007ffed102a000 	C:\WINDOWS\System32\NSI.dll
0x00007ffebaaf0000 - 0x00007ffebaafb000 	C:\Windows\System32\rasadhlp.dll
0x00007ffebaed0000 - 0x00007ffebaf56000 	C:\WINDOWS\System32\fwpuclnt.dll
0x00007ffeb4480000 - 0x00007ffeb4489000 	C:\Program Files\Eclipse Adoptium\jdk-17.0.16.8-hotspot\bin\extnet.dll
0x00007ffeb4310000 - 0x00007ffeb431a000 	C:\Program Files\Eclipse Adoptium\jdk-17.0.16.8-hotspot\bin\management.dll
0x00007ffeb3960000 - 0x00007ffeb396b000 	C:\Program Files\Eclipse Adoptium\jdk-17.0.16.8-hotspot\bin\management_ext.dll
0x00007ffed23f0000 - 0x00007ffed23f8000 	C:\WINDOWS\System32\PSAPI.DLL

dbghelp: loaded successfully - version: 4.0.5 - missing functions: none
symbol engine: initialized successfully - sym options: 0x614 - pdb path: .;C:\Program Files\Eclipse Adoptium\jdk-17.0.16.8-hotspot\bin;C:\WINDOWS\SYSTEM32;C:\WINDOWS\WinSxS\amd64_microsoft.windows.common-controls_6595b64144ccf1df_6.0.26100.3912_none_3e07963ce335137e;C:\Program Files\Eclipse Adoptium\jdk-17.0.16.8-hotspot\bin\server

VM Arguments:
java_command: c:\Users\Subbu\.vscode\extensions\salesforce.salesforce-vscode-slds-2.0.12\lsp-2.0.12-executable.jar --PORT=49653
java_class_path (initial): c:\Users\Subbu\.vscode\extensions\salesforce.salesforce-vscode-slds-2.0.12\lsp-2.0.12-executable.jar
Launcher Type: SUN_STANDARD

[Global flags]
     intx CICompilerCount                          = 3                                         {product} {ergonomic}
     uint ConcGCThreads                            = 1                                         {product} {ergonomic}
     uint G1ConcRefinementThreads                  = 4                                         {product} {ergonomic}
   size_t G1HeapRegionSize                         = 1048576                                   {product} {ergonomic}
    uintx GCDrainStackTargetSize                   = 64                                        {product} {ergonomic}
   size_t InitialHeapSize                          = 65011712                                  {product} {ergonomic}
   size_t MarkStackSize                            = 4194304                                   {product} {ergonomic}
   size_t MaxHeapSize                              = 1023410176                                {product} {ergonomic}
   size_t MaxNewSize                               = 613416960                                 {product} {ergonomic}
   size_t MinHeapDeltaBytes                        = 1048576                                   {product} {ergonomic}
   size_t MinHeapSize                              = 8388608                                   {product} {ergonomic}
    uintx NonNMethodCodeHeapSize                   = 5832780                                {pd product} {ergonomic}
    uintx NonProfiledCodeHeapSize                  = 122912730                              {pd product} {ergonomic}
    uintx ProfiledCodeHeapSize                     = 122912730                              {pd product} {ergonomic}
    uintx ReservedCodeCacheSize                    = 251658240                              {pd product} {ergonomic}
     bool SegmentedCodeCache                       = true                                      {product} {ergonomic}
   size_t SoftMaxHeapSize                          = 1023410176                             {manageable} {ergonomic}
     bool UseCompressedClassPointers               = true                           {product lp64_product} {ergonomic}
     bool UseCompressedOops                        = true                           {product lp64_product} {ergonomic}
     bool UseG1GC                                  = true                                      {product} {ergonomic}
     bool UseLargePagesIndividualAllocation        = false                                  {pd product} {ergonomic}

Logging:
Log output configuration:
 #0: stdout all=warning uptime,level,tags
 #1: stderr all=off uptime,level,tags

Environment Variables:
JAVA_HOME=C:\Program Files\Eclipse Adoptium\jdk-17.0.16.8-hotspot\
PATH=C:\Program Files\Eclipse Adoptium\jdk-17.0.16.8-hotspot\bin;C:\Program Files\Microsoft MPI\Bin\;C:\Program Files\Common Files\Oracle\Java\javapath;C:\Python311\Scripts\;C:\Python311\;C:\Python39\Scripts\;C:\Python39\;C:\WINDOWS\system32;C:\WINDOWS;C:\WINDOWS\System32\Wbem;C:\WINDOWS\System32\WindowsPowerShell\v1.0\;C:\WINDOWS\System32\OpenSSH\;C:\ProgramData\chocolatey\bin;C:\Program Files (x86)\dotnet\;C:\Program Files\dotnet\;C:\Program Files\Microsoft SQL Server\Client SDK\ODBC\170\Tools\Binn\;C:\Program Files (x86)\Microsoft SQL Server\150\Tools\Binn\;C:\Program Files\Microsoft SQL Server\150\Tools\Binn\;C:\Program Files\Microsoft SQL Server\150\DTS\Binn\;C:\apache-maven-3.8.6\bin;C:\Program Files\MongoDB\Server\6.0\bin;C:\Program Files\Java\jdk-17.0.5\bin;C:\buildTool\apache-maven-3.9.9\bin;C:\Program Files\Eclipse Adoptium\jdk-17.0.16.8-hotspot\\bin;C:\Program Files\nvm;C:\Program Files\nodejs;C:\Program Files\nodejs\;C:\Users\Subbu\AppData\Roaming\npm\;C:\Program Files (x86)\Microsoft SQL Server\160\DTS\Binn\;C:\Program Files (x86)\Microsoft SQL Server\160\Tools\Binn\;C:\Program Files\Microsoft SQL Server\160\Tools\Binn\;C:\Program Files\Microsoft SQL Server\160\DTS\Binn\;C:\Users\Subbu\AppData\Local\Microsoft\WindowsApps;C:\Users\Subbu\AppData\Local\Programs\Microsoft VS Code\bin;C:\Users\Subbu\.dotnet\tools;C:\Program Files\sf\bin;C:\Program Files\nvm;C:\Program Files\nodejs;C:\Program Files\Java\jdk-23\bin;C:\Users\Subbu\AppData\Roaming\npm
USERNAME=Subbu
OS=Windows_NT
PROCESSOR_IDENTIFIER=Intel64 Family 6 Model 142 Stepping 12, GenuineIntel
TMP=C:\Users\Subbu\AppData\Local\Temp
TEMP=C:\Users\Subbu\AppData\Local\Temp



Periodic native trim disabled


---------------  S Y S T E M  ---------------

OS:
 Windows 11 , 64 bit Build 26100 (10.0.26100.3912)
OS uptime: 3 days 1:21 hours

CPU: total 4 (initial active 4) (2 cores per cpu, 2 threads per core) family 6 model 142 stepping 12 microcode 0xea, cx8, cmov, fxsr, ht, mmx, 3dnowpref, sse, sse2, sse3, ssse3, sse4.1, sse4.2, popcnt, lzcnt, tsc, tscinvbit, avx, avx2, aes, erms, clmul, bmi1, bmi2, adx, fma, vzeroupper, clflush, clflushopt
Processor Information for processor 0
  Max Mhz: 2601, Current Mhz: 1500, Mhz Limit: 2601
Processor Information for processor 1
  Max Mhz: 2601, Current Mhz: 1500, Mhz Limit: 2601
Processor Information for processor 2
  Max Mhz: 2601, Current Mhz: 1500, Mhz Limit: 2601
Processor Information for processor 3
  Max Mhz: 2601, Current Mhz: 2601, Mhz Limit: 2601

Memory: 4k page, system-wide physical 3903M (484M free)
TotalPageFile size 15679M (AvailPageFile size 0M)
current process WorkingSet (physical memory assigned to process): 97M, peak: 187M
current process commit charge ("private bytes"): 221M, peak: 234M

vm_info: OpenJDK 64-Bit Server VM (17.0.16+8) for windows-amd64 JRE (17.0.16+8), built on Jul 16 2025 10:37:56 by "admin" with MS VC++ 17.7 (VS2022)

END.
