#
# There is insufficient memory for the Java Runtime Environment to continue.
# Native memory allocation (malloc) failed to allocate 376576 bytes. Error detail: Chunk::new
# Possible reasons:
#   The system is out of physical RAM or swap space
#   This process is running with CompressedOops enabled, and the Java Heap may be blocking the growth of the native heap
# Possible solutions:
#   Reduce memory load on the system
#   Increase physical memory or swap space
#   Check if swap backing store is full
#   Decrease Java heap size (-Xmx/-Xms)
#   Decrease number of Java threads
#   Decrease Java thread stack sizes (-Xss)
#   Set larger code cache with -XX:ReservedCodeCacheSize=
#   JVM is running with Unscaled Compressed Oops mode in which the Java heap is
#     placed in the first 4GB address space. The Java Heap base address is the
#     maximum limit for the native heap growth. Please use -XX:HeapBaseMinAddress
#     to set the Java Heap base and to place the Java Heap above 4GB virtual address.
# This output file may be truncated or incomplete.
#
#  Out of Memory Error (arena.cpp:191), pid=21876, tid=9764
#
# JRE version: OpenJDK Runtime Environment Temurin-17.0.16+8 (17.0.16+8) (build 17.0.16+8)
# Java VM: OpenJDK 64-Bit Server VM Temurin-17.0.16+8 (17.0.16+8, mixed mode, sharing, tiered, compressed oops, compressed class ptrs, g1 gc, windows-amd64)
# No core dump will be written. Minidumps are not enabled by default on client versions of Windows
#

---------------  S U M M A R Y ------------

Command Line: c:\Users\Subbu\.vscode\extensions\salesforce.salesforce-vscode-slds-2.0.12\lsp-2.0.12-executable.jar --PORT=61023

Host: Intel(R) Core(TM) i3-10110U CPU @ 2.10GHz, 4 cores, 3G,  Windows 11 , 64 bit Build 26100 (10.0.26100.3912)
Time: Sat Nov  1 19:36:26 2025 India Standard Time elapsed time: 26.633289 seconds (0d 0h 0m 26s)

---------------  T H R E A D  ---------------

Current thread (0x0000015a7f157030):  JavaThread "C2 CompilerThread0" daemon [_thread_in_native, id=9764, stack(0x0000002ae1d00000,0x0000002ae1e00000)]


Current CompileTask:
C2:  26633 5168 %     4       com.google.gson.stream.JsonReader::nextQuotedValue @ 23 (294 bytes)

Stack: [0x0000002ae1d00000,0x0000002ae1e00000]
Native frames: (J=compiled Java code, j=interpreted, Vv=VM code, C=native code)
V  [jvm.dll+0x683169]
V  [jvm.dll+0x839ac8]
V  [jvm.dll+0x83b573]
V  [jvm.dll+0x83bbe3]
V  [jvm.dll+0x2473ff]
V  [jvm.dll+0xace94]
V  [jvm.dll+0xad52c]
V  [jvm.dll+0x2acc2f]
V  [jvm.dll+0x5891f9]
V  [jvm.dll+0x221182]
V  [jvm.dll+0x22157f]
V  [jvm.dll+0x21a580]
V  [jvm.dll+0x21765b]
V  [jvm.dll+0x1a32a0]
V  [jvm.dll+0x227b3c]
V  [jvm.dll+0x225ccb]
V  [jvm.dll+0x7ef2d8]
V  [jvm.dll+0x7e979c]
V  [jvm.dll+0x682047]
C  [ucrtbase.dll+0x37b0]
C  [KERNEL32.DLL+0x2e8d7]
C  [ntdll.dll+0x9c5dc]


---------------  P R O C E S S  ---------------

Threads class SMR info:
_java_thread_list=0x0000015a05c533a0, length=14, elements={
0x0000015a7f12ad80, 0x0000015a7f12c4b0, 0x0000015a7f144cc0, 0x0000015a7f1496a0,
0x0000015a7f14d750, 0x0000015a7f1514e0, 0x0000015a7f157030, 0x0000015a7f16b740,
0x0000015a7f151f00, 0x0000015a7f150fd0, 0x0000015a7f14f170, 0x0000015a7f14f680,
0x0000015a7f14fb90, 0x0000015a7f152410
}

Java Threads: ( => current thread )
  0x0000015a7f12ad80 JavaThread "Reference Handler" daemon [_thread_blocked, id=17320, stack(0x0000002ae1700000,0x0000002ae1800000)]
  0x0000015a7f12c4b0 JavaThread "Finalizer" daemon [_thread_blocked, id=23132, stack(0x0000002ae1800000,0x0000002ae1900000)]
  0x0000015a7f144cc0 JavaThread "Signal Dispatcher" daemon [_thread_blocked, id=21776, stack(0x0000002ae1900000,0x0000002ae1a00000)]
  0x0000015a7f1496a0 JavaThread "Attach Listener" daemon [_thread_blocked, id=6548, stack(0x0000002ae1a00000,0x0000002ae1b00000)]
  0x0000015a7f14d750 JavaThread "Service Thread" daemon [_thread_blocked, id=22336, stack(0x0000002ae1b00000,0x0000002ae1c00000)]
  0x0000015a7f1514e0 JavaThread "Monitor Deflation Thread" daemon [_thread_blocked, id=6472, stack(0x0000002ae1c00000,0x0000002ae1d00000)]
=>0x0000015a7f157030 JavaThread "C2 CompilerThread0" daemon [_thread_in_native, id=9764, stack(0x0000002ae1d00000,0x0000002ae1e00000)]
  0x0000015a7f16b740 JavaThread "C1 CompilerThread0" daemon [_thread_blocked, id=15252, stack(0x0000002ae1e00000,0x0000002ae1f00000)]
  0x0000015a7f151f00 JavaThread "Sweeper thread" daemon [_thread_blocked, id=16284, stack(0x0000002ae1f00000,0x0000002ae2000000)]
  0x0000015a7f150fd0 JavaThread "Notification Thread" daemon [_thread_blocked, id=9120, stack(0x0000002ae2000000,0x0000002ae2100000)]
  0x0000015a7f14f170 JavaThread "Common-Cleaner" daemon [_thread_blocked, id=5948, stack(0x0000002ae2200000,0x0000002ae2300000)]
  0x0000015a7f14f680 JavaThread "Cleaner-0" daemon [_thread_blocked, id=4428, stack(0x0000002ae2300000,0x0000002ae2400000)]
  0x0000015a7f14fb90 JavaThread "pool-2-thread-1" [_thread_in_Java, id=18728, stack(0x0000002ae2400000,0x0000002ae2500000)]
  0x0000015a7f152410 JavaThread "DestroyJavaVM" [_thread_blocked, id=984, stack(0x0000002ae1000000,0x0000002ae1100000)]

Other Threads:
  0x0000015a7f1268b0 VMThread "VM Thread" [stack: 0x0000002ae1600000,0x0000002ae1700000] [id=13964]
  0x0000015a7f3adca0 WatcherThread [stack: 0x0000002ae2100000,0x0000002ae2200000] [id=16660]
  0x0000015a22d970f0 GCTaskThread "GC Thread#0" [stack: 0x0000002ae1100000,0x0000002ae1200000] [id=14836]
  0x0000015a7f55fe00 GCTaskThread "GC Thread#1" [stack: 0x0000002ae2500000,0x0000002ae2600000] [id=22344]
  0x0000015a7fb8c850 GCTaskThread "GC Thread#2" [stack: 0x0000002ae2600000,0x0000002ae2700000] [id=8040]
  0x0000015a7fb8cb10 GCTaskThread "GC Thread#3" [stack: 0x0000002ae2700000,0x0000002ae2800000] [id=22112]
  0x0000015a22da0710 ConcurrentGCThread "G1 Main Marker" [stack: 0x0000002ae1200000,0x0000002ae1300000] [id=6612]
  0x0000015a22da18d0 ConcurrentGCThread "G1 Conc#0" [stack: 0x0000002ae1300000,0x0000002ae1400000] [id=22724]
  0x0000015a22de70a0 ConcurrentGCThread "G1 Refine#0" [stack: 0x0000002ae1400000,0x0000002ae1500000] [id=18364]
  0x0000015a22de7ad0 ConcurrentGCThread "G1 Service" [stack: 0x0000002ae1500000,0x0000002ae1600000] [id=20776]

Threads with active compile tasks:
C2 CompilerThread0    26698 5168 %     4       com.google.gson.stream.JsonReader::nextQuotedValue @ 23 (294 bytes)

VM state: not at safepoint (normal execution)

VM Mutex/Monitor currently owned by a thread: None

Heap address: 0x00000000c3000000, size: 976 MB, Compressed Oops mode: 32-bit

CDS archive(s) mapped at: [0x0000015a3e000000-0x0000015a3ebb0000-0x0000015a3ebb0000), size 12255232, SharedBaseAddress: 0x0000015a3e000000, ArchiveRelocationMode: 1.
Compressed class space mapped at: 0x0000015a3f000000-0x0000015a7f000000, reserved size: 1073741824
Narrow klass base: 0x0000015a3e000000, Narrow klass shift: 0, Narrow klass range: 0x100000000

GC Precious Log:
 CPUs: 4 total, 4 available
 Memory: 3903M
 Large Page Support: Disabled
 NUMA Support: Disabled
 Compressed Oops: Enabled (32-bit)
 Heap Region Size: 1M
 Heap Min Capacity: 8M
 Heap Initial Capacity: 62M
 Heap Max Capacity: 976M
 Pre-touch: Disabled
 Parallel Workers: 4
 Concurrent Workers: 1
 Concurrent Refinement Workers: 4
 Periodic GC: Disabled

Heap:
 garbage-first heap   total 60416K, used 22770K [0x00000000c3000000, 0x0000000100000000)
  region size 1024K, 15 young (15360K), 5 survivors (5120K)
 Metaspace       used 27377K, committed 27840K, reserved 1114112K
  class space    used 3321K, committed 3584K, reserved 1048576K

Heap Regions: E=young(eden), S=young(survivor), O=old, HS=humongous(starts), HC=humongous(continues), CS=collection set, F=free, OA=open archive, CA=closed archive, TAMS=top-at-mark-start (previous, next)
|   0|0x00000000c3000000, 0x00000000c3100000, 0x00000000c3100000|100%| O|  |TAMS 0x00000000c3100000, 0x00000000c3000000| Untracked 
|   1|0x00000000c3100000, 0x00000000c3200000, 0x00000000c3200000|100%| O|  |TAMS 0x00000000c3200000, 0x00000000c3100000| Untracked 
|   2|0x00000000c3200000, 0x00000000c3300000, 0x00000000c3300000|100%| O|  |TAMS 0x00000000c3300000, 0x00000000c3200000| Untracked 
|   3|0x00000000c3300000, 0x00000000c3400000, 0x00000000c3400000|100%| O|  |TAMS 0x00000000c33c8800, 0x00000000c3300000| Untracked 
|   4|0x00000000c3400000, 0x00000000c3500000, 0x00000000c3500000|100%| O|  |TAMS 0x00000000c3400000, 0x00000000c3400000| Untracked 
|   5|0x00000000c3500000, 0x00000000c3600000, 0x00000000c3600000|100%| O|  |TAMS 0x00000000c3500000, 0x00000000c3500000| Untracked 
|   6|0x00000000c3600000, 0x00000000c3700000, 0x00000000c3700000|100%| O|  |TAMS 0x00000000c3600000, 0x00000000c3600000| Untracked 
|   7|0x00000000c3700000, 0x00000000c377e400, 0x00000000c3800000| 49%| O|  |TAMS 0x00000000c3700000, 0x00000000c3700000| Untracked 
|   8|0x00000000c3800000, 0x00000000c3800000, 0x00000000c3900000|  0%| F|  |TAMS 0x00000000c3800000, 0x00000000c3800000| Untracked 
|   9|0x00000000c3900000, 0x00000000c3900000, 0x00000000c3a00000|  0%| F|  |TAMS 0x00000000c3900000, 0x00000000c3900000| Untracked 
|  10|0x00000000c3a00000, 0x00000000c3a00000, 0x00000000c3b00000|  0%| F|  |TAMS 0x00000000c3a00000, 0x00000000c3a00000| Untracked 
|  11|0x00000000c3b00000, 0x00000000c3c00000, 0x00000000c3c00000|100%| O|  |TAMS 0x00000000c3b00000, 0x00000000c3b00000| Untracked 
|  12|0x00000000c3c00000, 0x00000000c3d00000, 0x00000000c3d00000|100%| O|  |TAMS 0x00000000c3c00000, 0x00000000c3c00000| Untracked 
|  13|0x00000000c3d00000, 0x00000000c3d00000, 0x00000000c3e00000|  0%| F|  |TAMS 0x00000000c3d00000, 0x00000000c3d00000| Untracked 
|  14|0x00000000c3e00000, 0x00000000c3e00000, 0x00000000c3f00000|  0%| F|  |TAMS 0x00000000c3e00000, 0x00000000c3e00000| Untracked 
|  15|0x00000000c3f00000, 0x00000000c3f00000, 0x00000000c4000000|  0%| F|  |TAMS 0x00000000c3f00000, 0x00000000c3f00000| Untracked 
|  16|0x00000000c4000000, 0x00000000c4000000, 0x00000000c4100000|  0%| F|  |TAMS 0x00000000c4000000, 0x00000000c4000000| Untracked 
|  17|0x00000000c4100000, 0x00000000c4100000, 0x00000000c4200000|  0%| F|  |TAMS 0x00000000c4100000, 0x00000000c4100000| Untracked 
|  18|0x00000000c4200000, 0x00000000c4200000, 0x00000000c4300000|  0%| F|  |TAMS 0x00000000c4200000, 0x00000000c4200000| Untracked 
|  19|0x00000000c4300000, 0x00000000c43be500, 0x00000000c4400000| 74%| S|CS|TAMS 0x00000000c4300000, 0x00000000c4300000| Complete 
|  20|0x00000000c4400000, 0x00000000c4500000, 0x00000000c4500000|100%| S|CS|TAMS 0x00000000c4400000, 0x00000000c4400000| Complete 
|  21|0x00000000c4500000, 0x00000000c4600000, 0x00000000c4600000|100%| S|CS|TAMS 0x00000000c4500000, 0x00000000c4500000| Complete 
|  22|0x00000000c4600000, 0x00000000c4600000, 0x00000000c4700000|  0%| F|  |TAMS 0x00000000c4600000, 0x00000000c4600000| Untracked 
|  23|0x00000000c4700000, 0x00000000c4700000, 0x00000000c4800000|  0%| F|  |TAMS 0x00000000c4700000, 0x00000000c4700000| Untracked 
|  24|0x00000000c4800000, 0x00000000c4800000, 0x00000000c4900000|  0%| F|  |TAMS 0x00000000c4800000, 0x00000000c4800000| Untracked 
|  25|0x00000000c4900000, 0x00000000c4900000, 0x00000000c4a00000|  0%| F|  |TAMS 0x00000000c4900000, 0x00000000c4900000| Untracked 
|  26|0x00000000c4a00000, 0x00000000c4b00000, 0x00000000c4b00000|100%| S|CS|TAMS 0x00000000c4a00000, 0x00000000c4a00000| Complete 
|  27|0x00000000c4b00000, 0x00000000c4c00000, 0x00000000c4c00000|100%| S|CS|TAMS 0x00000000c4b00000, 0x00000000c4b00000| Complete 
|  28|0x00000000c4c00000, 0x00000000c4c00000, 0x00000000c4d00000|  0%| F|  |TAMS 0x00000000c4c00000, 0x00000000c4c00000| Untracked 
|  29|0x00000000c4d00000, 0x00000000c4d00000, 0x00000000c4e00000|  0%| F|  |TAMS 0x00000000c4d00000, 0x00000000c4d00000| Untracked 
|  30|0x00000000c4e00000, 0x00000000c4e00000, 0x00000000c4f00000|  0%| F|  |TAMS 0x00000000c4e00000, 0x00000000c4e00000| Untracked 
|  31|0x00000000c4f00000, 0x00000000c4f00000, 0x00000000c5000000|  0%| F|  |TAMS 0x00000000c4f00000, 0x00000000c4f00000| Untracked 
|  32|0x00000000c5000000, 0x00000000c5000000, 0x00000000c5100000|  0%| F|  |TAMS 0x00000000c5000000, 0x00000000c5000000| Untracked 
|  33|0x00000000c5100000, 0x00000000c5100000, 0x00000000c5200000|  0%| F|  |TAMS 0x00000000c5100000, 0x00000000c5100000| Untracked 
|  34|0x00000000c5200000, 0x00000000c5200000, 0x00000000c5300000|  0%| F|  |TAMS 0x00000000c5200000, 0x00000000c5200000| Untracked 
|  35|0x00000000c5300000, 0x00000000c5300000, 0x00000000c5400000|  0%| F|  |TAMS 0x00000000c5300000, 0x00000000c5300000| Untracked 
|  36|0x00000000c5400000, 0x00000000c5400000, 0x00000000c5500000|  0%| F|  |TAMS 0x00000000c5400000, 0x00000000c5400000| Untracked 
|  37|0x00000000c5500000, 0x00000000c5500000, 0x00000000c5600000|  0%| F|  |TAMS 0x00000000c5500000, 0x00000000c5500000| Untracked 
|  38|0x00000000c5600000, 0x00000000c5600000, 0x00000000c5700000|  0%| F|  |TAMS 0x00000000c5600000, 0x00000000c5600000| Untracked 
|  39|0x00000000c5700000, 0x00000000c5700000, 0x00000000c5800000|  0%| F|  |TAMS 0x00000000c5700000, 0x00000000c5700000| Untracked 
|  40|0x00000000c5800000, 0x00000000c5800000, 0x00000000c5900000|  0%| F|  |TAMS 0x00000000c5800000, 0x00000000c5800000| Untracked 
|  41|0x00000000c5900000, 0x00000000c5900000, 0x00000000c5a00000|  0%| F|  |TAMS 0x00000000c5900000, 0x00000000c5900000| Untracked 
|  42|0x00000000c5a00000, 0x00000000c5a00000, 0x00000000c5b00000|  0%| F|  |TAMS 0x00000000c5a00000, 0x00000000c5a00000| Untracked 
|  43|0x00000000c5b00000, 0x00000000c5b00000, 0x00000000c5c00000|  0%| F|  |TAMS 0x00000000c5b00000, 0x00000000c5b00000| Untracked 
|  44|0x00000000c5c00000, 0x00000000c5c00000, 0x00000000c5d00000|  0%| F|  |TAMS 0x00000000c5c00000, 0x00000000c5c00000| Untracked 
|  45|0x00000000c5d00000, 0x00000000c5d00000, 0x00000000c5e00000|  0%| F|  |TAMS 0x00000000c5d00000, 0x00000000c5d00000| Untracked 
|  46|0x00000000c5e00000, 0x00000000c5e00000, 0x00000000c5f00000|  0%| F|  |TAMS 0x00000000c5e00000, 0x00000000c5e00000| Untracked 
|  47|0x00000000c5f00000, 0x00000000c5f00000, 0x00000000c6000000|  0%| F|  |TAMS 0x00000000c5f00000, 0x00000000c5f00000| Untracked 
|  48|0x00000000c6000000, 0x00000000c6000000, 0x00000000c6100000|  0%| F|  |TAMS 0x00000000c6000000, 0x00000000c6000000| Untracked 
|  49|0x00000000c6100000, 0x00000000c61aeda0, 0x00000000c6200000| 68%| E|  |TAMS 0x00000000c6100000, 0x00000000c6100000| Complete 
|  50|0x00000000c6200000, 0x00000000c6300000, 0x00000000c6300000|100%| E|CS|TAMS 0x00000000c6200000, 0x00000000c6200000| Complete 
|  51|0x00000000c6300000, 0x00000000c6400000, 0x00000000c6400000|100%| E|CS|TAMS 0x00000000c6300000, 0x00000000c6300000| Complete 
|  52|0x00000000c6400000, 0x00000000c6500000, 0x00000000c6500000|100%| E|CS|TAMS 0x00000000c6400000, 0x00000000c6400000| Complete 
|  53|0x00000000c6500000, 0x00000000c6600000, 0x00000000c6600000|100%| E|CS|TAMS 0x00000000c6500000, 0x00000000c6500000| Complete 
|  54|0x00000000c6600000, 0x00000000c6700000, 0x00000000c6700000|100%| E|CS|TAMS 0x00000000c6600000, 0x00000000c6600000| Complete 
|  55|0x00000000c6700000, 0x00000000c6800000, 0x00000000c6800000|100%| E|CS|TAMS 0x00000000c6700000, 0x00000000c6700000| Complete 
|  56|0x00000000c6800000, 0x00000000c6900000, 0x00000000c6900000|100%| E|CS|TAMS 0x00000000c6800000, 0x00000000c6800000| Complete 
|  57|0x00000000c6900000, 0x00000000c6a00000, 0x00000000c6a00000|100%| E|CS|TAMS 0x00000000c6900000, 0x00000000c6900000| Complete 
|  61|0x00000000c6d00000, 0x00000000c6e00000, 0x00000000c6e00000|100%| E|  |TAMS 0x00000000c6d00000, 0x00000000c6d00000| Complete 

Card table byte_map: [0x0000015a398b0000,0x0000015a39aa0000] _byte_map_base: 0x0000015a39298000

Marking Bits (Prev, Next): (CMBitMap*) 0x0000015a22d97750, (CMBitMap*) 0x0000015a22d97710
 Prev Bits: [0x0000015a3abd0000, 0x0000015a3bb10000)
 Next Bits: [0x0000015a39c90000, 0x0000015a3abd0000)

Polling page: 0x0000015a20bd0000

Metaspace:

Usage:
  Non-class:     23.50 MB used.
      Class:      3.24 MB used.
       Both:     26.74 MB used.

Virtual space:
  Non-class space:       64.00 MB reserved,      23.75 MB ( 37%) committed,  1 nodes.
      Class space:        1.00 GB reserved,       3.50 MB ( <1%) committed,  1 nodes.
             Both:        1.06 GB reserved,      27.25 MB (  3%) committed. 

Chunk freelists:
   Non-Class:  7.67 MB
       Class:  12.56 MB
        Both:  20.23 MB

MaxMetaspaceSize: unlimited
CompressedClassSpaceSize: 1.00 GB
Initial GC threshold: 21.00 MB
Current GC threshold: 35.12 MB
CDS: on
MetaspaceReclaimPolicy: balanced
 - commit_granule_bytes: 65536.
 - commit_granule_words: 8192.
 - virtual_space_node_default_size: 8388608.
 - enlarge_chunks_in_place: 1.
 - new_chunks_are_fully_committed: 0.
 - uncommit_free_chunks: 1.
 - use_allocation_guard: 0.
 - handle_deallocations: 1.


Internal statistics:

num_allocs_failed_limit: 3.
num_arena_births: 516.
num_arena_deaths: 0.
num_vsnodes_births: 2.
num_vsnodes_deaths: 0.
num_space_committed: 436.
num_space_uncommitted: 0.
num_chunks_returned_to_freelist: 3.
num_chunks_taken_from_freelist: 1597.
num_chunk_merges: 3.
num_chunk_splits: 1064.
num_chunks_enlarged: 738.
num_inconsistent_stats: 0.

CodeHeap 'non-profiled nmethods': size=120000Kb used=2085Kb max_used=2669Kb free=117915Kb
 bounds [0x0000015a32380000, 0x0000015a32620000, 0x0000015a398b0000]
CodeHeap 'profiled nmethods': size=120000Kb used=8082Kb max_used=10209Kb free=111918Kb
 bounds [0x0000015a2a8b0000, 0x0000015a2b2b0000, 0x0000015a31de0000]
CodeHeap 'non-nmethods': size=5760Kb used=1248Kb max_used=1323Kb free=4511Kb
 bounds [0x0000015a31de0000, 0x0000015a32050000, 0x0000015a32380000]
 total_blobs=4835 nmethods=4274 adapters=472
 compilation: enabled
              stopped_count=0, restarted_count=0
 full_count=0

Compilation events (20 events):
Event: 26.459 Thread 0x0000015a7f16b740 5172       3       java.nio.CharBuffer::hasArray (20 bytes)
Event: 26.459 Thread 0x0000015a7f16b740 nmethod 5172 0x0000015a2af29790 code [0x0000015a2af29920, 0x0000015a2af29ab8]
Event: 26.459 Thread 0x0000015a7f16b740 5173       3       java.nio.CharBuffer::array (35 bytes)
Event: 26.459 Thread 0x0000015a7f16b740 nmethod 5173 0x0000015a2ac06910 code [0x0000015a2ac06ae0, 0x0000015a2ac06d98]
Event: 26.462 Thread 0x0000015a7f16b740 5176       3       java.nio.MappedByteBuffer::rewind (5 bytes)
Event: 26.462 Thread 0x0000015a7f16b740 nmethod 5176 0x0000015a2aa57e90 code [0x0000015a2aa58040, 0x0000015a2aa58278]
Event: 26.462 Thread 0x0000015a7f16b740 5178       3       java.lang.String::decodeASCII (64 bytes)
Event: 26.463 Thread 0x0000015a7f16b740 nmethod 5178 0x0000015a2a9db810 code [0x0000015a2a9db9e0, 0x0000015a2a9dbd18]
Event: 26.463 Thread 0x0000015a7f16b740 5177       3       java.nio.MappedByteBuffer::rewind (7 bytes)
Event: 26.463 Thread 0x0000015a7f16b740 nmethod 5177 0x0000015a2ab24d90 code [0x0000015a2ab24f40, 0x0000015a2ab25118]
Event: 26.483 Thread 0x0000015a7f16b740 5179       2       sun.nio.ch.IOStatus::normalize (10 bytes)
Event: 26.483 Thread 0x0000015a7f16b740 nmethod 5179 0x0000015a2ab02010 code [0x0000015a2ab021a0, 0x0000015a2ab022b8]
Event: 26.491 Thread 0x0000015a7f16b740 5181       1       java.io.File::getPrefixLength (5 bytes)
Event: 26.491 Thread 0x0000015a7f16b740 nmethod 5181 0x0000015a3245b790 code [0x0000015a3245b920, 0x0000015a3245b9f8]
Event: 26.496 Thread 0x0000015a7f16b740 5182       3       java.nio.ByteBuffer::flip (7 bytes)
Event: 26.497 Thread 0x0000015a7f16b740 nmethod 5182 0x0000015a2af44190 code [0x0000015a2af44340, 0x0000015a2af444b8]
Event: 26.622 Thread 0x0000015a7f16b740 5183       3       java.lang.String::toCharArray (25 bytes)
Event: 26.622 Thread 0x0000015a7f16b740 nmethod 5183 0x0000015a2ac1ae90 code [0x0000015a2ac1b060, 0x0000015a2ac1b2f8]
Event: 26.622 Thread 0x0000015a7f16b740 5184       3       java.lang.StringLatin1::toChars (16 bytes)
Event: 26.622 Thread 0x0000015a7f16b740 nmethod 5184 0x0000015a2ab76d10 code [0x0000015a2ab76ec0, 0x0000015a2ab770a8]

GC Heap History (20 events):
Event: 9.713 GC heap before
{Heap before GC invocations=3 (full 0):
 garbage-first heap   total 63488K, used 38902K [0x00000000c3000000, 0x0000000100000000)
  region size 1024K, 37 young (37888K), 3 survivors (3072K)
 Metaspace       used 11985K, committed 12288K, reserved 1114112K
  class space    used 1525K, committed 1664K, reserved 1048576K
}
Event: 9.727 GC heap after
{Heap after GC invocations=4 (full 0):
 garbage-first heap   total 63488K, used 5268K [0x00000000c3000000, 0x0000000100000000)
  region size 1024K, 4 young (4096K), 4 survivors (4096K)
 Metaspace       used 11985K, committed 12288K, reserved 1114112K
  class space    used 1525K, committed 1664K, reserved 1048576K
}
Event: 11.356 GC heap before
{Heap before GC invocations=4 (full 0):
 garbage-first heap   total 63488K, used 38036K [0x00000000c3000000, 0x0000000100000000)
  region size 1024K, 37 young (37888K), 4 survivors (4096K)
 Metaspace       used 14134K, committed 14464K, reserved 1114112K
  class space    used 1761K, committed 1920K, reserved 1048576K
}
Event: 11.370 GC heap after
{Heap after GC invocations=5 (full 0):
 garbage-first heap   total 63488K, used 6302K [0x00000000c3000000, 0x0000000100000000)
  region size 1024K, 4 young (4096K), 4 survivors (4096K)
 Metaspace       used 14134K, committed 14464K, reserved 1114112K
  class space    used 1761K, committed 1920K, reserved 1048576K
}
Event: 12.338 GC heap before
{Heap before GC invocations=5 (full 0):
 garbage-first heap   total 63488K, used 40094K [0x00000000c3000000, 0x0000000100000000)
  region size 1024K, 37 young (37888K), 4 survivors (4096K)
 Metaspace       used 18968K, committed 19264K, reserved 1114112K
  class space    used 2308K, committed 2432K, reserved 1048576K
}
Event: 12.356 GC heap after
{Heap after GC invocations=6 (full 0):
 garbage-first heap   total 63488K, used 8310K [0x00000000c3000000, 0x0000000100000000)
  region size 1024K, 5 young (5120K), 5 survivors (5120K)
 Metaspace       used 18968K, committed 19264K, reserved 1114112K
  class space    used 2308K, committed 2432K, reserved 1048576K
}
Event: 12.930 GC heap before
{Heap before GC invocations=6 (full 0):
 garbage-first heap   total 63488K, used 20598K [0x00000000c3000000, 0x0000000100000000)
  region size 1024K, 18 young (18432K), 5 survivors (5120K)
 Metaspace       used 21124K, committed 21504K, reserved 1114112K
  class space    used 2546K, committed 2752K, reserved 1048576K
}
Event: 12.948 GC heap after
{Heap after GC invocations=7 (full 0):
 garbage-first heap   total 63488K, used 8950K [0x00000000c3000000, 0x0000000100000000)
  region size 1024K, 3 young (3072K), 3 survivors (3072K)
 Metaspace       used 21124K, committed 21504K, reserved 1114112K
  class space    used 2546K, committed 2752K, reserved 1048576K
}
Event: 13.220 GC heap before
{Heap before GC invocations=8 (full 0):
 garbage-first heap   total 34816K, used 28406K [0x00000000c3000000, 0x0000000100000000)
  region size 1024K, 23 young (23552K), 3 survivors (3072K)
 Metaspace       used 21267K, committed 21696K, reserved 1114112K
  class space    used 2553K, committed 2752K, reserved 1048576K
}
Event: 13.235 GC heap after
{Heap after GC invocations=9 (full 0):
 garbage-first heap   total 34816K, used 10182K [0x00000000c3000000, 0x0000000100000000)
  region size 1024K, 4 young (4096K), 4 survivors (4096K)
 Metaspace       used 21267K, committed 21696K, reserved 1114112K
  class space    used 2553K, committed 2752K, reserved 1048576K
}
Event: 13.329 GC heap before
{Heap before GC invocations=9 (full 0):
 garbage-first heap   total 34816K, used 26566K [0x00000000c3000000, 0x0000000100000000)
  region size 1024K, 20 young (20480K), 4 survivors (4096K)
 Metaspace       used 21274K, committed 21696K, reserved 1114112K
  class space    used 2553K, committed 2752K, reserved 1048576K
}
Event: 13.341 GC heap after
{Heap after GC invocations=10 (full 0):
 garbage-first heap   total 34816K, used 10476K [0x00000000c3000000, 0x0000000100000000)
  region size 1024K, 2 young (2048K), 2 survivors (2048K)
 Metaspace       used 21274K, committed 21696K, reserved 1114112K
  class space    used 2553K, committed 2752K, reserved 1048576K
}
Event: 13.398 GC heap before
{Heap before GC invocations=10 (full 0):
 garbage-first heap   total 34816K, used 26860K [0x00000000c3000000, 0x0000000100000000)
  region size 1024K, 18 young (18432K), 2 survivors (2048K)
 Metaspace       used 21274K, committed 21696K, reserved 1114112K
  class space    used 2553K, committed 2752K, reserved 1048576K
}
Event: 13.403 GC heap after
{Heap after GC invocations=11 (full 0):
 garbage-first heap   total 34816K, used 10051K [0x00000000c3000000, 0x0000000100000000)
  region size 1024K, 2 young (2048K), 2 survivors (2048K)
 Metaspace       used 21274K, committed 21696K, reserved 1114112K
  class space    used 2553K, committed 2752K, reserved 1048576K
}
Event: 13.460 GC heap before
{Heap before GC invocations=11 (full 0):
 garbage-first heap   total 34816K, used 26435K [0x00000000c3000000, 0x0000000100000000)
  region size 1024K, 18 young (18432K), 2 survivors (2048K)
 Metaspace       used 21274K, committed 21696K, reserved 1114112K
  class space    used 2553K, committed 2752K, reserved 1048576K
}
Event: 13.465 GC heap after
{Heap after GC invocations=12 (full 0):
 garbage-first heap   total 60416K, used 10096K [0x00000000c3000000, 0x0000000100000000)
  region size 1024K, 2 young (2048K), 2 survivors (2048K)
 Metaspace       used 21274K, committed 21696K, reserved 1114112K
  class space    used 2553K, committed 2752K, reserved 1048576K
}
Event: 14.934 GC heap before
{Heap before GC invocations=12 (full 0):
 garbage-first heap   total 60416K, used 43888K [0x00000000c3000000, 0x0000000100000000)
  region size 1024K, 35 young (35840K), 2 survivors (2048K)
 Metaspace       used 24945K, committed 25344K, reserved 1114112K
  class space    used 2991K, committed 3200K, reserved 1048576K
}
Event: 14.940 GC heap after
{Heap after GC invocations=13 (full 0):
 garbage-first heap   total 60416K, used 11999K [0x00000000c3000000, 0x0000000100000000)
  region size 1024K, 4 young (4096K), 4 survivors (4096K)
 Metaspace       used 24945K, committed 25344K, reserved 1114112K
  class space    used 2991K, committed 3200K, reserved 1048576K
}
Event: 18.083 GC heap before
{Heap before GC invocations=13 (full 0):
 garbage-first heap   total 60416K, used 43743K [0x00000000c3000000, 0x0000000100000000)
  region size 1024K, 35 young (35840K), 4 survivors (4096K)
 Metaspace       used 26469K, committed 26880K, reserved 1114112K
  class space    used 3203K, committed 3392K, reserved 1048576K
}
Event: 18.099 GC heap after
{Heap after GC invocations=14 (full 0):
 garbage-first heap   total 60416K, used 14578K [0x00000000c3000000, 0x0000000100000000)
  region size 1024K, 5 young (5120K), 5 survivors (5120K)
 Metaspace       used 26469K, committed 26880K, reserved 1114112K
  class space    used 3203K, committed 3392K, reserved 1048576K
}

Dll operation events (10 events):
Event: 0.018 Loaded shared library C:\Program Files\Eclipse Adoptium\jdk-17.0.16.8-hotspot\bin\java.dll
Event: 0.050 Loaded shared library C:\Program Files\Eclipse Adoptium\jdk-17.0.16.8-hotspot\bin\jsvml.dll
Event: 0.137 Loaded shared library C:\Program Files\Eclipse Adoptium\jdk-17.0.16.8-hotspot\bin\net.dll
Event: 0.146 Loaded shared library C:\Program Files\Eclipse Adoptium\jdk-17.0.16.8-hotspot\bin\nio.dll
Event: 0.169 Loaded shared library C:\Program Files\Eclipse Adoptium\jdk-17.0.16.8-hotspot\bin\zip.dll
Event: 1.281 Loaded shared library C:\Program Files\Eclipse Adoptium\jdk-17.0.16.8-hotspot\bin\jimage.dll
Event: 2.791 Loaded shared library C:\Program Files\Eclipse Adoptium\jdk-17.0.16.8-hotspot\bin\verify.dll
Event: 13.597 Loaded shared library C:\Program Files\Eclipse Adoptium\jdk-17.0.16.8-hotspot\bin\extnet.dll
Event: 18.002 Loaded shared library C:\Program Files\Eclipse Adoptium\jdk-17.0.16.8-hotspot\bin\management.dll
Event: 18.018 Loaded shared library C:\Program Files\Eclipse Adoptium\jdk-17.0.16.8-hotspot\bin\management_ext.dll

Deoptimization events (20 events):
Event: 26.494 Thread 0x0000015a7f14fb90 DEOPT PACKING pc=0x0000015a2b1e9a57 sp=0x0000002ae24fe3c0
Event: 26.494 Thread 0x0000015a7f14fb90 DEOPT UNPACKING pc=0x0000015a31e37143 sp=0x0000002ae24fd8a8 mode 0
Event: 26.494 Thread 0x0000015a7f14fb90 DEOPT PACKING pc=0x0000015a2b1e9a57 sp=0x0000002ae24fe3c0
Event: 26.494 Thread 0x0000015a7f14fb90 DEOPT UNPACKING pc=0x0000015a31e37143 sp=0x0000002ae24fd8a8 mode 0
Event: 26.494 Thread 0x0000015a7f14fb90 DEOPT PACKING pc=0x0000015a2b1e9a57 sp=0x0000002ae24fe3c0
Event: 26.494 Thread 0x0000015a7f14fb90 DEOPT UNPACKING pc=0x0000015a31e37143 sp=0x0000002ae24fd8a8 mode 0
Event: 26.498 Thread 0x0000015a7f14fb90 DEOPT PACKING pc=0x0000015a2b1e9a57 sp=0x0000002ae24fe3c0
Event: 26.498 Thread 0x0000015a7f14fb90 DEOPT UNPACKING pc=0x0000015a31e37143 sp=0x0000002ae24fd8a8 mode 0
Event: 26.505 Thread 0x0000015a7f14fb90 DEOPT PACKING pc=0x0000015a2b1e9a57 sp=0x0000002ae24fe3c0
Event: 26.505 Thread 0x0000015a7f14fb90 DEOPT UNPACKING pc=0x0000015a31e37143 sp=0x0000002ae24fd8a8 mode 0
Event: 26.505 Thread 0x0000015a7f14fb90 DEOPT PACKING pc=0x0000015a2b1e9a57 sp=0x0000002ae24fe3c0
Event: 26.505 Thread 0x0000015a7f14fb90 DEOPT UNPACKING pc=0x0000015a31e37143 sp=0x0000002ae24fd8a8 mode 0
Event: 26.506 Thread 0x0000015a7f14fb90 DEOPT PACKING pc=0x0000015a2b1e9a57 sp=0x0000002ae24fe3c0
Event: 26.506 Thread 0x0000015a7f14fb90 DEOPT UNPACKING pc=0x0000015a31e37143 sp=0x0000002ae24fd8a8 mode 0
Event: 26.521 Thread 0x0000015a7f14fb90 DEOPT PACKING pc=0x0000015a2b1e9a57 sp=0x0000002ae24fe3c0
Event: 26.521 Thread 0x0000015a7f14fb90 DEOPT UNPACKING pc=0x0000015a31e37143 sp=0x0000002ae24fd8a8 mode 0
Event: 26.625 Thread 0x0000015a7f14fb90 DEOPT PACKING pc=0x0000015a2b1e9a57 sp=0x0000002ae24fe3c0
Event: 26.625 Thread 0x0000015a7f14fb90 DEOPT UNPACKING pc=0x0000015a31e37143 sp=0x0000002ae24fd8a8 mode 0
Event: 26.626 Thread 0x0000015a7f14fb90 DEOPT PACKING pc=0x0000015a2b1e9a57 sp=0x0000002ae24fe3c0
Event: 26.626 Thread 0x0000015a7f14fb90 DEOPT UNPACKING pc=0x0000015a31e37143 sp=0x0000002ae24fd8a8 mode 0

Classes loaded (20 events):
Event: 18.050 Loading class java/util/IdentityHashMap$KeySpliterator
Event: 18.050 Loading class java/util/IdentityHashMap$IdentityHashMapSpliterator
Event: 18.050 Loading class java/util/IdentityHashMap$IdentityHashMapSpliterator done
Event: 18.050 Loading class java/util/IdentityHashMap$KeySpliterator done
Event: 18.063 Loading class java/util/stream/SortedOps$SizedRefSortingSink
Event: 18.076 Loading class java/util/stream/SortedOps$SizedRefSortingSink done
Event: 23.849 Loading class jdk/internal/reflect/UnsafeQualifiedIntegerFieldAccessorImpl
Event: 23.850 Loading class jdk/internal/reflect/UnsafeQualifiedFieldAccessorImpl
Event: 23.850 Loading class jdk/internal/reflect/UnsafeQualifiedFieldAccessorImpl done
Event: 23.850 Loading class jdk/internal/reflect/UnsafeQualifiedIntegerFieldAccessorImpl done
Event: 24.188 Loading class java/util/concurrent/CompletableFuture$AltResult
Event: 24.189 Loading class java/util/concurrent/CompletableFuture$AltResult done
Event: 24.189 Loading class java/util/concurrent/CompletableFuture$Completion
Event: 24.190 Loading class java/util/concurrent/CompletableFuture$AsynchronousCompletionTask
Event: 24.190 Loading class java/util/concurrent/CompletableFuture$AsynchronousCompletionTask done
Event: 24.193 Loading class java/util/concurrent/CompletableFuture$Completion done
Event: 26.440 Loading class jdk/internal/reflect/UnsafeIntegerFieldAccessorImpl
Event: 26.441 Loading class jdk/internal/reflect/UnsafeIntegerFieldAccessorImpl done
Event: 26.453 Loading class java/io/FileFilter
Event: 26.454 Loading class java/io/FileFilter done

Classes unloaded (0 events):
No events

Classes redefined (0 events):
No events

Internal exceptions (20 events):
Event: 14.864 Thread 0x0000015a22d5a860 Exception <a 'java/lang/ClassNotFoundException'{0x00000000c4b63848}: com/salesforce/slds/shared/converters/colors/ColorConfigCustomizer> (0x00000000c4b63848) 
thrown [s\src\hotspot\share\classfile\systemDictionary.cpp, line 256]
Event: 14.868 Thread 0x0000015a22d5a860 Exception <a 'java/lang/ClassNotFoundException'{0x00000000c4b83290}: com/salesforce/slds/shared/converters/colors/ColorConfig$StaticMappingBeanInfo> (0x00000000c4b83290) 
thrown [s\src\hotspot\share\classfile\systemDictionary.cpp, line 256]
Event: 14.869 Thread 0x0000015a22d5a860 Exception <a 'java/lang/ClassNotFoundException'{0x00000000c4b9a8d8}: com/salesforce/slds/shared/converters/colors/ColorConfig$StaticMappingCustomizer> (0x00000000c4b9a8d8) 
thrown [s\src\hotspot\share\classfile\systemDictionary.cpp, line 256]
Event: 14.882 Thread 0x0000015a22d5a860 Implicit null exception at 0x0000015a32570e0e to 0x0000015a325713c8
Event: 15.103 Thread 0x0000015a22d5a860 Exception <a 'java/lang/ClassNotFoundException'{0x00000000c67ea978}: com/salesforce/slds/validation/validators/models/PropertiesBeanInfo> (0x00000000c67ea978) 
thrown [s\src\hotspot\share\classfile\systemDictionary.cpp, line 256]
Event: 15.104 Thread 0x0000015a22d5a860 Exception <a 'java/lang/ClassNotFoundException'{0x00000000c6601ab0}: com/salesforce/slds/validation/validators/models/PropertiesCustomizer> (0x00000000c6601ab0) 
thrown [s\src\hotspot\share\classfile\systemDictionary.cpp, line 256]
Event: 15.106 Thread 0x0000015a22d5a860 Exception <a 'java/lang/ClassNotFoundException'{0x00000000c66212c0}: com/salesforce/slds/validation/validators/models/Properties$ItemBeanInfo> (0x00000000c66212c0) 
thrown [s\src\hotspot\share\classfile\systemDictionary.cpp, line 256]
Event: 15.109 Thread 0x0000015a22d5a860 Exception <a 'java/lang/ClassNotFoundException'{0x00000000c6638418}: com/salesforce/slds/validation/validators/models/Properties$ItemCustomizer> (0x00000000c6638418) 
thrown [s\src\hotspot\share\classfile\systemDictionary.cpp, line 256]
Event: 15.628 Thread 0x0000015a22d5a860 Exception <a 'java/lang/NoSuchMethodError'{0x00000000c590e220}: 'void java.lang.invoke.DirectMethodHandle$Holder.invokeStatic(java.lang.Object, int, java.lang.Object)'> (0x00000000c590e220) 
thrown [s\src\hotspot\share\interpreter\linkResolver.cpp, line 759]
Event: 15.963 Thread 0x0000015a22d5a860 Exception <a 'java/lang/NoSuchMethodError'{0x00000000c53d66d0}: 'java.lang.Object java.lang.invoke.DirectMethodHandle$Holder.invokeVirtual(java.lang.Object, java.lang.Object, java.lang.Object, java.lang.Object)'> (0x00000000c53d66d0) 
thrown [s\src\hotspot\share\interpreter\linkResolver.cpp, line 759]
Event: 16.585 Thread 0x0000015a22d5a860 Exception <a 'java/lang/NoSuchMethodError'{0x00000000c4f90858}: 'int java.lang.invoke.DirectMethodHandle$Holder.invokeSpecial(java.lang.Object, java.lang.Object, java.lang.Object, java.lang.Object, java.lang.Object)'> (0x00000000c4f90858) 
thrown [s\src\hotspot\share\interpreter\linkResolver.cpp, line 759]
Event: 17.452 Thread 0x0000015a22d5a860 Exception <a 'java/lang/NoSuchMethodError'{0x00000000c4df6fd8}: 'void java.lang.invoke.DirectMethodHandle$Holder.invokeVirtual(java.lang.Object, java.lang.Object, int)'> (0x00000000c4df6fd8) 
thrown [s\src\hotspot\share\interpreter\linkResolver.cpp, line 759]
Event: 17.464 Thread 0x0000015a22d5a860 Exception <a 'java/lang/NoSuchMethodError'{0x00000000c4c03968}: 'long java.lang.invoke.DirectMethodHandle$Holder.invokeSpecial(java.lang.Object, java.lang.Object)'> (0x00000000c4c03968) 
thrown [s\src\hotspot\share\interpreter\linkResolver.cpp, line 759]
Event: 17.472 Thread 0x0000015a22d5a860 Exception <a 'java/lang/NoSuchMethodError'{0x00000000c4c25918}: 'void java.lang.invoke.DirectMethodHandle$Holder.invokeVirtual(java.lang.Object, java.lang.Object, long)'> (0x00000000c4c25918) 
thrown [s\src\hotspot\share\interpreter\linkResolver.cpp, line 759]
Event: 17.487 Thread 0x0000015a22d5a860 Exception <a 'java/lang/NoSuchMethodError'{0x00000000c4c58fe8}: 'java.lang.Object java.lang.invoke.DirectMethodHandle$Holder.newInvokeSpecial(java.lang.Object, java.lang.Object, int, java.lang.Object, java.lang.Object)'> (0x00000000c4c58fe8) 
thrown [s\src\hotspot\share\interpreter\linkResolver.cpp, line 759]
Event: 17.493 Thread 0x0000015a22d5a860 Exception <a 'java/lang/NoSuchMethodError'{0x00000000c4c680c8}: 'java.lang.Object java.lang.invoke.DirectMethodHandle$Holder.newInvokeSpecial(java.lang.Object, java.lang.Object, java.lang.Object, int)'> (0x00000000c4c680c8) 
thrown [s\src\hotspot\share\interpreter\linkResolver.cpp, line 759]
Event: 17.494 Thread 0x0000015a22d5a860 Exception <a 'java/lang/NoSuchMethodError'{0x00000000c4c6c3b0}: 'java.lang.Object java.lang.invoke.DirectMethodHandle$Holder.invokeSpecial(java.lang.Object, java.lang.Object, java.lang.Object, java.lang.Object, int)'> (0x00000000c4c6c3b0) 
thrown [s\src\hotspot\share\interpreter\linkResolver.cpp, line 759]
Event: 17.540 Thread 0x0000015a22d5a860 Exception <a 'java/lang/NoSuchMethodError'{0x00000000c4c6ff78}: 'java.lang.Object java.lang.invoke.Invokers$Holder.linkToTargetMethod(java.lang.Object, java.lang.Object, int, java.lang.Object)'> (0x00000000c4c6ff78) 
thrown [s\src\hotspot\share\interpreter\linkResolver.cpp, line 759]
Event: 26.412 Thread 0x0000015a7f14fb90 Exception <a 'java/lang/NoSuchMethodError'{0x00000000c635ba30}: 'void java.lang.invoke.DirectMethodHandle$Holder.invokeSpecial(java.lang.Object, java.lang.Object, int, java.lang.Object)'> (0x00000000c635ba30) 
thrown [s\src\hotspot\share\interpreter\linkResolver.cpp, line 759]
Event: 26.413 Thread 0x0000015a7f14fb90 Exception <a 'java/lang/NoSuchMethodError'{0x00000000c6362778}: 'java.lang.Object java.lang.invoke.DirectMethodHandle$Holder.newInvokeSpecial(java.lang.Object, java.lang.Object, int)'> (0x00000000c6362778) 
thrown [s\src\hotspot\share\interpreter\linkResolver.cpp, line 759]

VM Operations (20 events):
Event: 17.248 Executing VM operation: Cleanup
Event: 17.249 Executing VM operation: Cleanup done
Event: 17.426 Executing VM operation: HandshakeAllThreads
Event: 17.426 Executing VM operation: HandshakeAllThreads done
Event: 18.037 Executing VM operation: HandshakeAllThreads
Event: 18.037 Executing VM operation: HandshakeAllThreads done
Event: 18.083 Executing VM operation: G1CollectForAllocation
Event: 18.099 Executing VM operation: G1CollectForAllocation done
Event: 18.454 Executing VM operation: HandshakeAllThreads
Event: 18.454 Executing VM operation: HandshakeAllThreads done
Event: 19.461 Executing VM operation: Cleanup
Event: 19.461 Executing VM operation: Cleanup done
Event: 23.751 Executing VM operation: HandshakeAllThreads
Event: 23.752 Executing VM operation: HandshakeAllThreads done
Event: 23.770 Executing VM operation: HandshakeAllThreads
Event: 23.771 Executing VM operation: HandshakeAllThreads done
Event: 23.771 Executing VM operation: Cleanup
Event: 23.771 Executing VM operation: Cleanup done
Event: 24.778 Executing VM operation: Cleanup
Event: 24.778 Executing VM operation: Cleanup done

Memory protections (0 events):
No events

Nmethod flushes (20 events):
Event: 23.781 Thread 0x0000015a7f151f00 flushing  nmethod 0x0000015a2b1eea90
Event: 23.781 Thread 0x0000015a7f151f00 flushing  nmethod 0x0000015a2b1eef90
Event: 23.781 Thread 0x0000015a7f151f00 flushing  nmethod 0x0000015a2b207510
Event: 23.781 Thread 0x0000015a7f151f00 flushing  nmethod 0x0000015a2b209510
Event: 23.781 Thread 0x0000015a7f151f00 flushing  nmethod 0x0000015a2b209a10
Event: 23.781 Thread 0x0000015a7f151f00 flushing  nmethod 0x0000015a2b20af10
Event: 23.781 Thread 0x0000015a7f151f00 flushing  nmethod 0x0000015a2b20b810
Event: 23.781 Thread 0x0000015a7f151f00 flushing  nmethod 0x0000015a2b20be90
Event: 23.781 Thread 0x0000015a7f151f00 flushing  nmethod 0x0000015a2b211190
Event: 23.781 Thread 0x0000015a7f151f00 flushing  nmethod 0x0000015a2b228590
Event: 23.781 Thread 0x0000015a7f151f00 flushing  nmethod 0x0000015a2b229290
Event: 23.781 Thread 0x0000015a7f151f00 flushing  nmethod 0x0000015a2b233d10
Event: 23.781 Thread 0x0000015a7f151f00 flushing  nmethod 0x0000015a2b234d90
Event: 23.781 Thread 0x0000015a7f151f00 flushing  nmethod 0x0000015a2b24a990
Event: 23.781 Thread 0x0000015a7f151f00 flushing  nmethod 0x0000015a2b24e590
Event: 23.781 Thread 0x0000015a7f151f00 flushing  nmethod 0x0000015a2b24fb10
Event: 23.781 Thread 0x0000015a7f151f00 flushing  nmethod 0x0000015a2b27e690
Event: 23.782 Thread 0x0000015a7f151f00 flushing  nmethod 0x0000015a2b29fe90
Event: 23.782 Thread 0x0000015a7f151f00 flushing  nmethod 0x0000015a2b2a0490
Event: 23.782 Thread 0x0000015a7f151f00 flushing  nmethod 0x0000015a2b2a1410

Events (20 events):
Event: 14.746 Thread 0x0000015a7f152920 Thread exited: 0x0000015a7f152920
Event: 14.746 Thread 0x0000015a7f152410 Thread exited: 0x0000015a7f152410
Event: 14.746 Thread 0x0000015a7f1500a0 Thread exited: 0x0000015a7f1500a0
Event: 14.746 Thread 0x0000015a7f1519f0 Thread exited: 0x0000015a7f1519f0
Event: 14.759 Thread 0x0000015a7fcaa530 Thread exited: 0x0000015a7fcaa530
Event: 14.759 Thread 0x0000015a7f1505b0 Thread exited: 0x0000015a7f1505b0
Event: 15.632 Thread 0x0000015a22d5a860 Thread added: 0x0000015a7f1505b0
Event: 15.632 Thread 0x0000015a22d5a860 Thread added: 0x0000015a7f152410
Event: 15.632 Thread 0x0000015a22d5a860 Thread added: 0x0000015a7f1519f0
Event: 15.632 Thread 0x0000015a22d5a860 Thread added: 0x0000015a7f152920
Event: 15.633 Thread 0x0000015a22d5a860 Thread added: 0x0000015a7f1500a0
Event: 15.633 Thread 0x0000015a22d5a860 Thread added: 0x0000015a0544c270
Event: 15.709 Thread 0x0000015a7f152920 Thread exited: 0x0000015a7f152920
Event: 15.709 Thread 0x0000015a7f152410 Thread exited: 0x0000015a7f152410
Event: 15.710 Thread 0x0000015a7f1519f0 Thread exited: 0x0000015a7f1519f0
Event: 15.712 Thread 0x0000015a7f1505b0 Thread exited: 0x0000015a7f1505b0
Event: 15.719 Thread 0x0000015a0544c270 Thread exited: 0x0000015a0544c270
Event: 15.719 Thread 0x0000015a7f1500a0 Thread exited: 0x0000015a7f1500a0
Event: 18.083 Thread 0x0000015a22d5a860 Thread exited: 0x0000015a22d5a860
Event: 18.083 Thread 0x0000015a7f152410 Thread added: 0x0000015a7f152410


Dynamic libraries:
0x00007ff7dbfb0000 - 0x00007ff7dbfbe000 	C:\Program Files\Eclipse Adoptium\jdk-17.0.16.8-hotspot\bin\java.exe
0x00007ffed2fa0000 - 0x00007ffed3206000 	C:\WINDOWS\SYSTEM32\ntdll.dll
0x00007ffed1470000 - 0x00007ffed1539000 	C:\WINDOWS\System32\KERNEL32.DLL
0x00007ffed0160000 - 0x00007ffed052c000 	C:\WINDOWS\System32\KERNELBASE.dll
0x00007ffed0530000 - 0x00007ffed067b000 	C:\WINDOWS\System32\ucrtbase.dll
0x00007ffe90720000 - 0x00007ffe90737000 	C:\Program Files\Eclipse Adoptium\jdk-17.0.16.8-hotspot\bin\jli.dll
0x00007ffed1210000 - 0x00007ffed13da000 	C:\WINDOWS\System32\USER32.dll
0x00007ffed0130000 - 0x00007ffed0157000 	C:\WINDOWS\System32\win32u.dll
0x00007ffe8eb30000 - 0x00007ffe8eb4e000 	C:\Program Files\Eclipse Adoptium\jdk-17.0.16.8-hotspot\bin\VCRUNTIME140.dll
0x00007ffed1540000 - 0x00007ffed156b000 	C:\WINDOWS\System32\GDI32.dll
0x00007ffed09e0000 - 0x00007ffed0b12000 	C:\WINDOWS\System32\gdi32full.dll
0x00007ffeb39a0000 - 0x00007ffeb3c3a000 	C:\WINDOWS\WinSxS\amd64_microsoft.windows.common-controls_6595b64144ccf1df_6.0.26100.3912_none_3e07963ce335137e\COMCTL32.dll
0x00007ffed08a0000 - 0x00007ffed0943000 	C:\WINDOWS\System32\msvcp_win.dll
0x00007ffed2eb0000 - 0x00007ffed2f59000 	C:\WINDOWS\System32\msvcrt.dll
0x00007ffed20b0000 - 0x00007ffed20e0000 	C:\WINDOWS\System32\IMM32.DLL
0x00007ffeb6140000 - 0x00007ffeb614c000 	C:\Program Files\Eclipse Adoptium\jdk-17.0.16.8-hotspot\bin\vcruntime140_1.dll
0x00007ffe70e60000 - 0x00007ffe70eed000 	C:\Program Files\Eclipse Adoptium\jdk-17.0.16.8-hotspot\bin\msvcp140.dll
0x00007ffe02c70000 - 0x00007ffe038db000 	C:\Program Files\Eclipse Adoptium\jdk-17.0.16.8-hotspot\bin\server\jvm.dll
0x00007ffed0f00000 - 0x00007ffed0fb2000 	C:\WINDOWS\System32\ADVAPI32.dll
0x00007ffed2970000 - 0x00007ffed2a16000 	C:\WINDOWS\System32\sechost.dll
0x00007ffed27a0000 - 0x00007ffed28b6000 	C:\WINDOWS\System32\RPCRT4.dll
0x00007ffed0e80000 - 0x00007ffed0ef4000 	C:\WINDOWS\System32\WS2_32.dll
0x00007ffeced80000 - 0x00007ffecedde000 	C:\WINDOWS\SYSTEM32\POWRPROF.dll
0x00007ffeccfb0000 - 0x00007ffeccfe6000 	C:\WINDOWS\SYSTEM32\WINMM.dll
0x00007ffec4730000 - 0x00007ffec473b000 	C:\WINDOWS\SYSTEM32\VERSION.dll
0x00007ffeced60000 - 0x00007ffeced74000 	C:\WINDOWS\SYSTEM32\UMPDC.dll
0x00007ffecf010000 - 0x00007ffecf02a000 	C:\WINDOWS\SYSTEM32\kernel.appcore.dll
0x00007ffeb5550000 - 0x00007ffeb555a000 	C:\Program Files\Eclipse Adoptium\jdk-17.0.16.8-hotspot\bin\jimage.dll
0x00007ffecda20000 - 0x00007ffecdc61000 	C:\WINDOWS\SYSTEM32\DBGHELP.DLL
0x00007ffed2410000 - 0x00007ffed2794000 	C:\WINDOWS\System32\combase.dll
0x00007ffed1f10000 - 0x00007ffed1ff0000 	C:\WINDOWS\System32\OLEAUT32.dll
0x00007ffeccf70000 - 0x00007ffeccfa9000 	C:\WINDOWS\SYSTEM32\dbgcore.DLL
0x00007ffed0800000 - 0x00007ffed0899000 	C:\WINDOWS\System32\bcryptPrimitives.dll
0x00007ffe8d1a0000 - 0x00007ffe8d1c5000 	C:\Program Files\Eclipse Adoptium\jdk-17.0.16.8-hotspot\bin\java.dll
0x00007ffe677f0000 - 0x00007ffe678c7000 	C:\Program Files\Eclipse Adoptium\jdk-17.0.16.8-hotspot\bin\jsvml.dll
0x00007ffed1570000 - 0x00007ffed1c9d000 	C:\WINDOWS\System32\SHELL32.dll
0x00007ffed0be0000 - 0x00007ffed0d54000 	C:\WINDOWS\System32\wintypes.dll
0x00007ffecde00000 - 0x00007ffece656000 	C:\WINDOWS\SYSTEM32\windows.storage.dll
0x00007ffed2180000 - 0x00007ffed226f000 	C:\WINDOWS\System32\SHCORE.dll
0x00007ffed1cf0000 - 0x00007ffed1d59000 	C:\WINDOWS\System32\shlwapi.dll
0x00007ffed0040000 - 0x00007ffed006f000 	C:\WINDOWS\SYSTEM32\profapi.dll
0x00007ffe8e940000 - 0x00007ffe8e959000 	C:\Program Files\Eclipse Adoptium\jdk-17.0.16.8-hotspot\bin\net.dll
0x00007ffebec60000 - 0x00007ffebed7e000 	C:\WINDOWS\SYSTEM32\WINHTTP.dll
0x00007ffecf580000 - 0x00007ffecf5ea000 	C:\WINDOWS\system32\mswsock.dll
0x00007ffe8e0c0000 - 0x00007ffe8e0d6000 	C:\Program Files\Eclipse Adoptium\jdk-17.0.16.8-hotspot\bin\nio.dll
0x00007ffe8d9c0000 - 0x00007ffe8d9d8000 	C:\Program Files\Eclipse Adoptium\jdk-17.0.16.8-hotspot\bin\zip.dll
0x00007ffeb4860000 - 0x00007ffeb4870000 	C:\Program Files\Eclipse Adoptium\jdk-17.0.16.8-hotspot\bin\verify.dll
0x00007ffece9c0000 - 0x00007ffeceae7000 	C:\WINDOWS\SYSTEM32\DNSAPI.dll
0x00007ffece980000 - 0x00007ffece9b3000 	C:\WINDOWS\SYSTEM32\IPHLPAPI.DLL
0x00007ffed1020000 - 0x00007ffed102a000 	C:\WINDOWS\System32\NSI.dll
0x00007ffebaaf0000 - 0x00007ffebaafb000 	C:\Windows\System32\rasadhlp.dll
0x00007ffebaed0000 - 0x00007ffebaf56000 	C:\WINDOWS\System32\fwpuclnt.dll
0x00007ffeb4480000 - 0x00007ffeb4489000 	C:\Program Files\Eclipse Adoptium\jdk-17.0.16.8-hotspot\bin\extnet.dll
0x00007ffeb4310000 - 0x00007ffeb431a000 	C:\Program Files\Eclipse Adoptium\jdk-17.0.16.8-hotspot\bin\management.dll
0x00007ffeb3960000 - 0x00007ffeb396b000 	C:\Program Files\Eclipse Adoptium\jdk-17.0.16.8-hotspot\bin\management_ext.dll
0x00007ffed23f0000 - 0x00007ffed23f8000 	C:\WINDOWS\System32\PSAPI.DLL

dbghelp: loaded successfully - version: 4.0.5 - missing functions: none
symbol engine: initialized successfully - sym options: 0x614 - pdb path: .;C:\Program Files\Eclipse Adoptium\jdk-17.0.16.8-hotspot\bin;C:\WINDOWS\SYSTEM32;C:\WINDOWS\WinSxS\amd64_microsoft.windows.common-controls_6595b64144ccf1df_6.0.26100.3912_none_3e07963ce335137e;C:\Program Files\Eclipse Adoptium\jdk-17.0.16.8-hotspot\bin\server

VM Arguments:
java_command: c:\Users\Subbu\.vscode\extensions\salesforce.salesforce-vscode-slds-2.0.12\lsp-2.0.12-executable.jar --PORT=61023
java_class_path (initial): c:\Users\Subbu\.vscode\extensions\salesforce.salesforce-vscode-slds-2.0.12\lsp-2.0.12-executable.jar
Launcher Type: SUN_STANDARD

[Global flags]
     intx CICompilerCount                          = 3                                         {product} {ergonomic}
     uint ConcGCThreads                            = 1                                         {product} {ergonomic}
     uint G1ConcRefinementThreads                  = 4                                         {product} {ergonomic}
   size_t G1HeapRegionSize                         = 1048576                                   {product} {ergonomic}
    uintx GCDrainStackTargetSize                   = 64                                        {product} {ergonomic}
   size_t InitialHeapSize                          = 65011712                                  {product} {ergonomic}
   size_t MarkStackSize                            = 4194304                                   {product} {ergonomic}
   size_t MaxHeapSize                              = 1023410176                                {product} {ergonomic}
   size_t MaxNewSize                               = 613416960                                 {product} {ergonomic}
   size_t MinHeapDeltaBytes                        = 1048576                                   {product} {ergonomic}
   size_t MinHeapSize                              = 8388608                                   {product} {ergonomic}
    uintx NonNMethodCodeHeapSize                   = 5832780                                {pd product} {ergonomic}
    uintx NonProfiledCodeHeapSize                  = 122912730                              {pd product} {ergonomic}
    uintx ProfiledCodeHeapSize                     = 122912730                              {pd product} {ergonomic}
    uintx ReservedCodeCacheSize                    = 251658240                              {pd product} {ergonomic}
     bool SegmentedCodeCache                       = true                                      {product} {ergonomic}
   size_t SoftMaxHeapSize                          = 1023410176                             {manageable} {ergonomic}
     bool UseCompressedClassPointers               = true                           {product lp64_product} {ergonomic}
     bool UseCompressedOops                        = true                           {product lp64_product} {ergonomic}
     bool UseG1GC                                  = true                                      {product} {ergonomic}
     bool UseLargePagesIndividualAllocation        = false                                  {pd product} {ergonomic}

Logging:
Log output configuration:
 #0: stdout all=warning uptime,level,tags
 #1: stderr all=off uptime,level,tags

Environment Variables:
JAVA_HOME=C:\Program Files\Eclipse Adoptium\jdk-17.0.16.8-hotspot\
PATH=C:\Program Files\Eclipse Adoptium\jdk-17.0.16.8-hotspot\bin;C:\Program Files\Microsoft MPI\Bin\;C:\Program Files\Common Files\Oracle\Java\javapath;C:\Python311\Scripts\;C:\Python311\;C:\Python39\Scripts\;C:\Python39\;C:\WINDOWS\system32;C:\WINDOWS;C:\WINDOWS\System32\Wbem;C:\WINDOWS\System32\WindowsPowerShell\v1.0\;C:\WINDOWS\System32\OpenSSH\;C:\ProgramData\chocolatey\bin;C:\Program Files (x86)\dotnet\;C:\Program Files\dotnet\;C:\Program Files\Microsoft SQL Server\Client SDK\ODBC\170\Tools\Binn\;C:\Program Files (x86)\Microsoft SQL Server\150\Tools\Binn\;C:\Program Files\Microsoft SQL Server\150\Tools\Binn\;C:\Program Files\Microsoft SQL Server\150\DTS\Binn\;C:\apache-maven-3.8.6\bin;C:\Program Files\MongoDB\Server\6.0\bin;C:\Program Files\Java\jdk-17.0.5\bin;C:\buildTool\apache-maven-3.9.9\bin;C:\Program Files\Eclipse Adoptium\jdk-17.0.16.8-hotspot\\bin;C:\Program Files\nvm;C:\Program Files\nodejs;C:\Program Files\nodejs\;C:\Users\Subbu\AppData\Roaming\npm\;C:\Program Files (x86)\Microsoft SQL Server\160\DTS\Binn\;C:\Program Files (x86)\Microsoft SQL Server\160\Tools\Binn\;C:\Program Files\Microsoft SQL Server\160\Tools\Binn\;C:\Program Files\Microsoft SQL Server\160\DTS\Binn\;C:\Users\Subbu\AppData\Local\Microsoft\WindowsApps;C:\Users\Subbu\AppData\Local\Programs\Microsoft VS Code\bin;C:\Users\Subbu\.dotnet\tools;C:\Program Files\sf\bin;C:\Program Files\nvm;C:\Program Files\nodejs;C:\Program Files\Java\jdk-23\bin;C:\Users\Subbu\AppData\Roaming\npm
USERNAME=Subbu
OS=Windows_NT
PROCESSOR_IDENTIFIER=Intel64 Family 6 Model 142 Stepping 12, GenuineIntel
TMP=C:\Users\Subbu\AppData\Local\Temp
TEMP=C:\Users\Subbu\AppData\Local\Temp



Periodic native trim disabled


---------------  S Y S T E M  ---------------

OS:
 Windows 11 , 64 bit Build 26100 (10.0.26100.3912)
OS uptime: 3 days 1:20 hours

CPU: total 4 (initial active 4) (2 cores per cpu, 2 threads per core) family 6 model 142 stepping 12 microcode 0xea, cx8, cmov, fxsr, ht, mmx, 3dnowpref, sse, sse2, sse3, ssse3, sse4.1, sse4.2, popcnt, lzcnt, tsc, tscinvbit, avx, avx2, aes, erms, clmul, bmi1, bmi2, adx, fma, vzeroupper, clflush, clflushopt
Processor Information for all 4 processors :
  Max Mhz: 2601, Current Mhz: 2601, Mhz Limit: 2601

Memory: 4k page, system-wide physical 3903M (185M free)
TotalPageFile size 15679M (AvailPageFile size 2M)
current process WorkingSet (physical memory assigned to process): 112M, peak: 168M
current process commit charge ("private bytes"): 184M, peak: 204M

vm_info: OpenJDK 64-Bit Server VM (17.0.16+8) for windows-amd64 JRE (17.0.16+8), built on Jul 16 2025 10:37:56 by "admin" with MS VC++ 17.7 (VS2022)

END.
